\BOOKMARK [1][-]{section.1}{New Content}{}% 1
\BOOKMARK [2][-]{subsection.1.1}{Functions}{section.1}% 2
\BOOKMARK [2][-]{subsection.1.2}{Static Variables}{section.1}% 3
\BOOKMARK [2][-]{subsection.1.3}{Arrays}{section.1}% 4
\BOOKMARK [2][-]{subsection.1.4}{switch-case Statements}{section.1}% 5
\BOOKMARK [1][-]{section.2}{Tasks}{}% 6
\BOOKMARK [1][-]{section.3}{C Summary}{}% 7
\BOOKMARK [2][-]{subsection.3.1}{Basic Structure}{section.3}% 8
\BOOKMARK [2][-]{subsection.3.2}{Comments}{section.3}% 9
\BOOKMARK [2][-]{subsection.3.3}{Code Blocks}{section.3}% 10
\BOOKMARK [2][-]{subsection.3.4}{Operators}{section.3}% 11
\BOOKMARK [2][-]{subsection.3.5}{Operator Shorthand}{section.3}% 12
\BOOKMARK [2][-]{subsection.3.6}{Data Types}{section.3}% 13
\BOOKMARK [2][-]{subsection.3.7}{Standard i/o}{section.3}% 14
\BOOKMARK [2][-]{subsection.3.8}{Format Specifiers}{section.3}% 15
\BOOKMARK [2][-]{subsection.3.9}{Type Casting}{section.3}% 16
\BOOKMARK [2][-]{subsection.3.10}{Flow control}{section.3}% 17
\BOOKMARK [3][-]{subsubsection.3.10.1}{if\(\)}{subsection.3.10}% 18
\BOOKMARK [3][-]{subsubsection.3.10.2}{if\(\) ... else if\(\)}{subsection.3.10}% 19
\BOOKMARK [3][-]{subsubsection.3.10.3}{while\(\)}{subsection.3.10}% 20
\BOOKMARK [3][-]{subsubsection.3.10.4}{for\(;;\)}{subsection.3.10}% 21
\BOOKMARK [3][-]{subsubsection.3.10.5}{switch\(\) case:}{subsection.3.10}% 22
\BOOKMARK [2][-]{subsection.3.11}{Library Functions}{section.3}% 23
\BOOKMARK [3][-]{subsubsection.3.11.1}{rand\(\)}{subsection.3.11}% 24
\BOOKMARK [2][-]{subsection.3.12}{Glossary of Terms}{section.3}% 25
