This is pdfTeX, Version 3.14159265-2.6-1.40.19 (MiKTeX 2.9.6630 64-bit) (preloaded format=pdflatex 2018.4.12)  21 FEB 2021 13:48
entering extended mode
**./LectureTuesWk1.tex
(LectureTuesWk1.tex
LaTeX2e <2017-04-15>
Babel <3.18> and hyphenation patterns for 75 language(s) loaded.
("C:\Users\srw245\AppData\Local\Programs\MiKTeX 2.9\tex\latex\beamer\beamer.cls
"
Document Class: beamer 2018/02/20 v3.50 A class for typesetting presentations

("C:\Users\srw245\AppData\Local\Programs\MiKTeX 2.9\tex\latex\beamer\beamerbase
modes.sty"
("C:\Users\srw245\AppData\Local\Programs\MiKTeX 2.9\tex\latex\etoolbox\etoolbox
.sty"
Package: etoolbox 2018/02/11 v2.5e e-TeX tools for LaTeX (JAW)
\etb@tempcnta=\count79
)
\beamer@tempbox=\box26
\beamer@tempcount=\count80
\c@beamerpauses=\count81

("C:\Users\srw245\AppData\Local\Programs\MiKTeX 2.9\tex\latex\beamer\beamerbase
decode.sty"
\beamer@slideinframe=\count82
\beamer@minimum=\count83
)
\beamer@commentbox=\box27
\beamer@modecount=\count84
)
("C:\Users\srw245\AppData\Local\Programs\MiKTeX 2.9\tex\generic\oberdiek\ifpdf.
sty"
Package: ifpdf 2017/03/15 v3.2 Provides the ifpdf switch
)
\headdp=\dimen102
\footheight=\dimen103
\sidebarheight=\dimen104
\beamer@tempdim=\dimen105
\beamer@finalheight=\dimen106
\beamer@animht=\dimen107
\beamer@animdp=\dimen108
\beamer@animwd=\dimen109
\beamer@leftmargin=\dimen110
\beamer@rightmargin=\dimen111
\beamer@leftsidebar=\dimen112
\beamer@rightsidebar=\dimen113
\beamer@boxsize=\dimen114
\beamer@vboxoffset=\dimen115
\beamer@descdefault=\dimen116
\beamer@descriptionwidth=\dimen117
\beamer@lastskip=\skip41
\beamer@areabox=\box28
\beamer@animcurrent=\box29
\beamer@animshowbox=\box30
\beamer@sectionbox=\box31
\beamer@logobox=\box32
\beamer@linebox=\box33
\beamer@sectioncount=\count85
\beamer@subsubsectionmax=\count86
\beamer@subsectionmax=\count87
\beamer@sectionmax=\count88
\beamer@totalheads=\count89
\beamer@headcounter=\count90
\beamer@partstartpage=\count91
\beamer@sectionstartpage=\count92
\beamer@subsectionstartpage=\count93
\beamer@animationtempa=\count94
\beamer@animationtempb=\count95
\beamer@xpos=\count96
\beamer@ypos=\count97
\beamer@ypos@offset=\count98
\beamer@showpartnumber=\count99
\beamer@currentsubsection=\count100
\beamer@coveringdepth=\count101
\beamer@sectionadjust=\count102
\beamer@tocsectionnumber=\count103

("C:\Users\srw245\AppData\Local\Programs\MiKTeX 2.9\tex\latex\beamer\beamerbase
options.sty"
("C:\Users\srw245\AppData\Local\Programs\MiKTeX 2.9\tex\latex\graphics\keyval.s
ty"
Package: keyval 2014/10/28 v1.15 key=value parser (DPC)
\KV@toks@=\toks14
))
\beamer@paperwidth=\skip42
\beamer@paperheight=\skip43

("C:\Users\srw245\AppData\Local\Programs\MiKTeX 2.9\tex\latex\geometry\geometry
.sty"
Package: geometry 2010/09/12 v5.6 Page Geometry

("C:\Users\srw245\AppData\Local\Programs\MiKTeX 2.9\tex\generic\oberdiek\ifvtex
.sty"
Package: ifvtex 2016/05/16 v1.6 Detect VTeX and its facilities (HO)
Package ifvtex Info: VTeX not detected.
)
("C:\Users\srw245\AppData\Local\Programs\MiKTeX 2.9\tex\generic\ifxetex\ifxetex
.sty"
Package: ifxetex 2010/09/12 v0.6 Provides ifxetex conditional
)
\Gm@cnth=\count104
\Gm@cntv=\count105
\c@Gm@tempcnt=\count106
\Gm@bindingoffset=\dimen118
\Gm@wd@mp=\dimen119
\Gm@odd@mp=\dimen120
\Gm@even@mp=\dimen121
\Gm@layoutwidth=\dimen122
\Gm@layoutheight=\dimen123
\Gm@layouthoffset=\dimen124
\Gm@layoutvoffset=\dimen125
\Gm@dimlist=\toks15

("C:\Users\srw245\AppData\Local\Programs\MiKTeX 2.9\tex\latex\geometry\geometry
.cfg"))
("C:\Users\srw245\AppData\Local\Programs\MiKTeX 2.9\tex\latex\extsizes\size14.c
lo"
File: size14.clo 1999/11/11 v1.4a NON-Standard LaTeX file (size option)
)
("C:\Users\srw245\AppData\Local\Programs\MiKTeX 2.9\tex\latex\pgf\basiclayer\pg
fcore.sty"
("C:\Users\srw245\AppData\Local\Programs\MiKTeX 2.9\tex\latex\graphics\graphicx
.sty"
Package: graphicx 2017/06/01 v1.1a Enhanced LaTeX Graphics (DPC,SPQR)

("C:\Users\srw245\AppData\Local\Programs\MiKTeX 2.9\tex\latex\graphics\graphics
.sty"
Package: graphics 2017/06/25 v1.2c Standard LaTeX Graphics (DPC,SPQR)

("C:\Users\srw245\AppData\Local\Programs\MiKTeX 2.9\tex\latex\graphics\trig.sty
"
Package: trig 2016/01/03 v1.10 sin cos tan (DPC)
)
("C:\Users\srw245\AppData\Local\Programs\MiKTeX 2.9\tex\latex\graphics-cfg\grap
hics.cfg"
File: graphics.cfg 2016/06/04 v1.11 sample graphics configuration
)
Package graphics Info: Driver file: pdftex.def on input line 99.

("C:\Users\srw245\AppData\Local\Programs\MiKTeX 2.9\tex\latex\graphics-def\pdft
ex.def"
File: pdftex.def 2018/01/08 v1.0l Graphics/color driver for pdftex
))
\Gin@req@height=\dimen126
\Gin@req@width=\dimen127
)
("C:\Users\srw245\AppData\Local\Programs\MiKTeX 2.9\tex\latex\pgf\systemlayer\p
gfsys.sty"
("C:\Users\srw245\AppData\Local\Programs\MiKTeX 2.9\tex\latex\pgf\utilities\pgf
rcs.sty"
("C:\Users\srw245\AppData\Local\Programs\MiKTeX 2.9\tex\generic\pgf\utilities\p
gfutil-common.tex"
\pgfutil@everybye=\toks16
\pgfutil@tempdima=\dimen128
\pgfutil@tempdimb=\dimen129

("C:\Users\srw245\AppData\Local\Programs\MiKTeX 2.9\tex\generic\pgf\utilities\p
gfutil-common-lists.tex"))
("C:\Users\srw245\AppData\Local\Programs\MiKTeX 2.9\tex\generic\pgf\utilities\p
gfutil-latex.def"
\pgfutil@abb=\box34

("C:\Users\srw245\AppData\Local\Programs\MiKTeX 2.9\tex\latex\ms\everyshi.sty"
Package: everyshi 2001/05/15 v3.00 EveryShipout Package (MS)
))
("C:\Users\srw245\AppData\Local\Programs\MiKTeX 2.9\tex\generic\pgf\utilities\p
gfrcs.code.tex"
Package: pgfrcs 2015/08/07 v3.0.1a (rcs-revision 1.31)
))
("C:\Users\srw245\AppData\Local\Programs\MiKTeX 2.9\tex\generic\pgf\systemlayer
\pgfsys.code.tex"
Package: pgfsys 2014/07/09 v3.0.1a (rcs-revision 1.48)

("C:\Users\srw245\AppData\Local\Programs\MiKTeX 2.9\tex\generic\pgf\utilities\p
gfkeys.code.tex"
\pgfkeys@pathtoks=\toks17
\pgfkeys@temptoks=\toks18

("C:\Users\srw245\AppData\Local\Programs\MiKTeX 2.9\tex\generic\pgf\utilities\p
gfkeysfiltered.code.tex"
\pgfkeys@tmptoks=\toks19
))
\pgf@x=\dimen130
\pgf@y=\dimen131
\pgf@xa=\dimen132
\pgf@ya=\dimen133
\pgf@xb=\dimen134
\pgf@yb=\dimen135
\pgf@xc=\dimen136
\pgf@yc=\dimen137
\w@pgf@writea=\write3
\r@pgf@reada=\read1
\c@pgf@counta=\count107
\c@pgf@countb=\count108
\c@pgf@countc=\count109
\c@pgf@countd=\count110
\t@pgf@toka=\toks20
\t@pgf@tokb=\toks21
\t@pgf@tokc=\toks22

("C:\Users\srw245\AppData\Local\Programs\MiKTeX 2.9\tex\generic\pgf\systemlayer
\pgf.cfg"
File: pgf.cfg 2008/05/14  (rcs-revision 1.7)
)
Driver file for pgf: pgfsys-pdftex.def

("C:\Users\srw245\AppData\Local\Programs\MiKTeX 2.9\tex\generic\pgf\systemlayer
\pgfsys-pdftex.def"
File: pgfsys-pdftex.def 2014/10/11  (rcs-revision 1.35)

("C:\Users\srw245\AppData\Local\Programs\MiKTeX 2.9\tex\generic\pgf\systemlayer
\pgfsys-common-pdf.def"
File: pgfsys-common-pdf.def 2013/10/10  (rcs-revision 1.13)
)))
("C:\Users\srw245\AppData\Local\Programs\MiKTeX 2.9\tex\generic\pgf\systemlayer
\pgfsyssoftpath.code.tex"
File: pgfsyssoftpath.code.tex 2013/09/09  (rcs-revision 1.9)
\pgfsyssoftpath@smallbuffer@items=\count111
\pgfsyssoftpath@bigbuffer@items=\count112
)
("C:\Users\srw245\AppData\Local\Programs\MiKTeX 2.9\tex\generic\pgf\systemlayer
\pgfsysprotocol.code.tex"
File: pgfsysprotocol.code.tex 2006/10/16  (rcs-revision 1.4)
))
("C:\Users\srw245\AppData\Local\Programs\MiKTeX 2.9\tex\latex\xcolor\xcolor.sty
"
Package: xcolor 2016/05/11 v2.12 LaTeX color extensions (UK)

("C:\Users\srw245\AppData\Local\Programs\MiKTeX 2.9\tex\latex\graphics-cfg\colo
r.cfg"
File: color.cfg 2016/01/02 v1.6 sample color configuration
)
Package xcolor Info: Driver file: pdftex.def on input line 225.
Package xcolor Info: Model `cmy' substituted by `cmy0' on input line 1348.
Package xcolor Info: Model `hsb' substituted by `rgb' on input line 1352.
Package xcolor Info: Model `RGB' extended on input line 1364.
Package xcolor Info: Model `HTML' substituted by `rgb' on input line 1366.
Package xcolor Info: Model `Hsb' substituted by `hsb' on input line 1367.
Package xcolor Info: Model `tHsb' substituted by `hsb' on input line 1368.
Package xcolor Info: Model `HSB' substituted by `hsb' on input line 1369.
Package xcolor Info: Model `Gray' substituted by `gray' on input line 1370.
Package xcolor Info: Model `wave' substituted by `hsb' on input line 1371.
)
("C:\Users\srw245\AppData\Local\Programs\MiKTeX 2.9\tex\generic\pgf\basiclayer\
pgfcore.code.tex"
Package: pgfcore 2010/04/11 v3.0.1a (rcs-revision 1.7)

("C:\Users\srw245\AppData\Local\Programs\MiKTeX 2.9\tex\generic\pgf\math\pgfmat
h.code.tex"
("C:\Users\srw245\AppData\Local\Programs\MiKTeX 2.9\tex\generic\pgf\math\pgfmat
hcalc.code.tex"
("C:\Users\srw245\AppData\Local\Programs\MiKTeX 2.9\tex\generic\pgf\math\pgfmat
hutil.code.tex")
("C:\Users\srw245\AppData\Local\Programs\MiKTeX 2.9\tex\generic\pgf\math\pgfmat
hparser.code.tex"
\pgfmath@dimen=\dimen138
\pgfmath@count=\count113
\pgfmath@box=\box35
\pgfmath@toks=\toks23
\pgfmath@stack@operand=\toks24
\pgfmath@stack@operation=\toks25
)
("C:\Users\srw245\AppData\Local\Programs\MiKTeX 2.9\tex\generic\pgf\math\pgfmat
hfunctions.code.tex"
("C:\Users\srw245\AppData\Local\Programs\MiKTeX 2.9\tex\generic\pgf\math\pgfmat
hfunctions.basic.code.tex")
("C:\Users\srw245\AppData\Local\Programs\MiKTeX 2.9\tex\generic\pgf\math\pgfmat
hfunctions.trigonometric.code.tex")
("C:\Users\srw245\AppData\Local\Programs\MiKTeX 2.9\tex\generic\pgf\math\pgfmat
hfunctions.random.code.tex")
("C:\Users\srw245\AppData\Local\Programs\MiKTeX 2.9\tex\generic\pgf\math\pgfmat
hfunctions.comparison.code.tex")
("C:\Users\srw245\AppData\Local\Programs\MiKTeX 2.9\tex\generic\pgf\math\pgfmat
hfunctions.base.code.tex")
("C:\Users\srw245\AppData\Local\Programs\MiKTeX 2.9\tex\generic\pgf\math\pgfmat
hfunctions.round.code.tex")
("C:\Users\srw245\AppData\Local\Programs\MiKTeX 2.9\tex\generic\pgf\math\pgfmat
hfunctions.misc.code.tex")
("C:\Users\srw245\AppData\Local\Programs\MiKTeX 2.9\tex\generic\pgf\math\pgfmat
hfunctions.integerarithmetics.code.tex")))
("C:\Users\srw245\AppData\Local\Programs\MiKTeX 2.9\tex\generic\pgf\math\pgfmat
hfloat.code.tex"
\c@pgfmathroundto@lastzeros=\count114
))
("C:\Users\srw245\AppData\Local\Programs\MiKTeX 2.9\tex\generic\pgf\basiclayer\
pgfcorepoints.code.tex"
File: pgfcorepoints.code.tex 2013/10/07  (rcs-revision 1.27)
\pgf@picminx=\dimen139
\pgf@picmaxx=\dimen140
\pgf@picminy=\dimen141
\pgf@picmaxy=\dimen142
\pgf@pathminx=\dimen143
\pgf@pathmaxx=\dimen144
\pgf@pathminy=\dimen145
\pgf@pathmaxy=\dimen146
\pgf@xx=\dimen147
\pgf@xy=\dimen148
\pgf@yx=\dimen149
\pgf@yy=\dimen150
\pgf@zx=\dimen151
\pgf@zy=\dimen152
)
("C:\Users\srw245\AppData\Local\Programs\MiKTeX 2.9\tex\generic\pgf\basiclayer\
pgfcorepathconstruct.code.tex"
File: pgfcorepathconstruct.code.tex 2013/10/07  (rcs-revision 1.29)
\pgf@path@lastx=\dimen153
\pgf@path@lasty=\dimen154
)
("C:\Users\srw245\AppData\Local\Programs\MiKTeX 2.9\tex\generic\pgf\basiclayer\
pgfcorepathusage.code.tex"
File: pgfcorepathusage.code.tex 2014/11/02  (rcs-revision 1.24)
\pgf@shorten@end@additional=\dimen155
\pgf@shorten@start@additional=\dimen156
)
("C:\Users\srw245\AppData\Local\Programs\MiKTeX 2.9\tex\generic\pgf\basiclayer\
pgfcorescopes.code.tex"
File: pgfcorescopes.code.tex 2015/05/08  (rcs-revision 1.46)
\pgfpic=\box36
\pgf@hbox=\box37
\pgf@layerbox@main=\box38
\pgf@picture@serial@count=\count115
)
("C:\Users\srw245\AppData\Local\Programs\MiKTeX 2.9\tex\generic\pgf\basiclayer\
pgfcoregraphicstate.code.tex"
File: pgfcoregraphicstate.code.tex 2014/11/02  (rcs-revision 1.12)
\pgflinewidth=\dimen157
)
("C:\Users\srw245\AppData\Local\Programs\MiKTeX 2.9\tex\generic\pgf\basiclayer\
pgfcoretransformations.code.tex"
File: pgfcoretransformations.code.tex 2015/08/07  (rcs-revision 1.20)
\pgf@pt@x=\dimen158
\pgf@pt@y=\dimen159
\pgf@pt@temp=\dimen160
)
("C:\Users\srw245\AppData\Local\Programs\MiKTeX 2.9\tex\generic\pgf\basiclayer\
pgfcorequick.code.tex"
File: pgfcorequick.code.tex 2008/10/09  (rcs-revision 1.3)
)
("C:\Users\srw245\AppData\Local\Programs\MiKTeX 2.9\tex\generic\pgf\basiclayer\
pgfcoreobjects.code.tex"
File: pgfcoreobjects.code.tex 2006/10/11  (rcs-revision 1.2)
)
("C:\Users\srw245\AppData\Local\Programs\MiKTeX 2.9\tex\generic\pgf\basiclayer\
pgfcorepathprocessing.code.tex"
File: pgfcorepathprocessing.code.tex 2013/09/09  (rcs-revision 1.9)
)
("C:\Users\srw245\AppData\Local\Programs\MiKTeX 2.9\tex\generic\pgf\basiclayer\
pgfcorearrows.code.tex"
File: pgfcorearrows.code.tex 2015/05/14  (rcs-revision 1.43)
\pgfarrowsep=\dimen161
)
("C:\Users\srw245\AppData\Local\Programs\MiKTeX 2.9\tex\generic\pgf\basiclayer\
pgfcoreshade.code.tex"
File: pgfcoreshade.code.tex 2013/07/15  (rcs-revision 1.15)
\pgf@max=\dimen162
\pgf@sys@shading@range@num=\count116
)
("C:\Users\srw245\AppData\Local\Programs\MiKTeX 2.9\tex\generic\pgf\basiclayer\
pgfcoreimage.code.tex"
File: pgfcoreimage.code.tex 2013/07/15  (rcs-revision 1.18)

("C:\Users\srw245\AppData\Local\Programs\MiKTeX 2.9\tex\generic\pgf\basiclayer\
pgfcoreexternal.code.tex"
File: pgfcoreexternal.code.tex 2014/07/09  (rcs-revision 1.21)
\pgfexternal@startupbox=\box39
))
("C:\Users\srw245\AppData\Local\Programs\MiKTeX 2.9\tex\generic\pgf\basiclayer\
pgfcorelayers.code.tex"
File: pgfcorelayers.code.tex 2013/07/18  (rcs-revision 1.7)
)
("C:\Users\srw245\AppData\Local\Programs\MiKTeX 2.9\tex\generic\pgf\basiclayer\
pgfcoretransparency.code.tex"
File: pgfcoretransparency.code.tex 2013/09/30  (rcs-revision 1.5)
)
("C:\Users\srw245\AppData\Local\Programs\MiKTeX 2.9\tex\generic\pgf\basiclayer\
pgfcorepatterns.code.tex"
File: pgfcorepatterns.code.tex 2013/11/07  (rcs-revision 1.5)
)))
("C:\Users\srw245\AppData\Local\Programs\MiKTeX 2.9\tex\latex\pgf\utilities\xxc
olor.sty"
Package: xxcolor 2003/10/24 ver 0.1
\XC@nummixins=\count117
\XC@countmixins=\count118
)
("C:\Users\srw245\AppData\Local\Programs\MiKTeX 2.9\tex\generic\oberdiek\atbegs
hi.sty"
Package: atbegshi 2016/06/09 v1.18 At begin shipout hook (HO)

("C:\Users\srw245\AppData\Local\Programs\MiKTeX 2.9\tex\generic\oberdiek\infwar
err.sty"
Package: infwarerr 2016/05/16 v1.4 Providing info/warning/error messages (HO)
)
("C:\Users\srw245\AppData\Local\Programs\MiKTeX 2.9\tex\generic\oberdiek\ltxcmd
s.sty"
Package: ltxcmds 2016/05/16 v1.23 LaTeX kernel commands for general use (HO)
))
("C:\Users\srw245\AppData\Local\Programs\MiKTeX 2.9\tex\latex\hyperref\hyperref
.sty"
Package: hyperref 2018/02/06 v6.86b Hypertext links for LaTeX

("C:\Users\srw245\AppData\Local\Programs\MiKTeX 2.9\tex\generic\oberdiek\hobsub
-hyperref.sty"
Package: hobsub-hyperref 2016/05/16 v1.14 Bundle oberdiek, subset hyperref (HO)


("C:\Users\srw245\AppData\Local\Programs\MiKTeX 2.9\tex\generic\oberdiek\hobsub
-generic.sty"
Package: hobsub-generic 2016/05/16 v1.14 Bundle oberdiek, subset generic (HO)
Package: hobsub 2016/05/16 v1.14 Construct package bundles (HO)
Package hobsub Info: Skipping package `infwarerr' (already loaded).
Package hobsub Info: Skipping package `ltxcmds' (already loaded).
Package: ifluatex 2016/05/16 v1.4 Provides the ifluatex switch (HO)
Package ifluatex Info: LuaTeX not detected.
Package hobsub Info: Skipping package `ifvtex' (already loaded).
Package: intcalc 2016/05/16 v1.2 Expandable calculations with integers (HO)
Package hobsub Info: Skipping package `ifpdf' (already loaded).
Package: etexcmds 2016/05/16 v1.6 Avoid name clashes with e-TeX commands (HO)
Package etexcmds Info: Could not find \expanded.
(etexcmds)             That can mean that you are not using pdfTeX 1.50 or
(etexcmds)             that some package has redefined \expanded.
(etexcmds)             In the latter case, load this package earlier.
Package: kvsetkeys 2016/05/16 v1.17 Key value parser (HO)
Package: kvdefinekeys 2016/05/16 v1.4 Define keys (HO)
Package: pdftexcmds 2018/01/21 v0.26 Utility functions of pdfTeX for LuaTeX (HO
)
Package pdftexcmds Info: LuaTeX not detected.
Package pdftexcmds Info: \pdf@primitive is available.
Package pdftexcmds Info: \pdf@ifprimitive is available.
Package pdftexcmds Info: \pdfdraftmode found.
Package: pdfescape 2016/05/16 v1.14 Implements pdfTeX's escape features (HO)
Package: bigintcalc 2016/05/16 v1.4 Expandable calculations on big integers (HO
)
Package: bitset 2016/05/16 v1.2 Handle bit-vector datatype (HO)
Package: uniquecounter 2016/05/16 v1.3 Provide unlimited unique counter (HO)
)
Package hobsub Info: Skipping package `hobsub' (already loaded).
Package: letltxmacro 2016/05/16 v1.5 Let assignment for LaTeX macros (HO)
Package: hopatch 2016/05/16 v1.3 Wrapper for package hooks (HO)
Package: xcolor-patch 2016/05/16 xcolor patch
Package: atveryend 2016/05/16 v1.9 Hooks at the very end of document (HO)
Package hobsub Info: Skipping package `atbegshi' (already loaded).
Package: refcount 2016/05/16 v3.5 Data extraction from label references (HO)
Package: hycolor 2016/05/16 v1.8 Color options for hyperref/bookmark (HO)
)
("C:\Users\srw245\AppData\Local\Programs\MiKTeX 2.9\tex\latex\oberdiek\auxhook.
sty"
Package: auxhook 2016/05/16 v1.4 Hooks for auxiliary files (HO)
)
("C:\Users\srw245\AppData\Local\Programs\MiKTeX 2.9\tex\latex\oberdiek\kvoption
s.sty"
Package: kvoptions 2016/05/16 v3.12 Key value format for package options (HO)
)
\@linkdim=\dimen163
\Hy@linkcounter=\count119
\Hy@pagecounter=\count120

("C:\Users\srw245\AppData\Local\Programs\MiKTeX 2.9\tex\latex\hyperref\pd1enc.d
ef"
File: pd1enc.def 2018/02/06 v6.86b Hyperref: PDFDocEncoding definition (HO)
)
\Hy@SavedSpaceFactor=\count121

("C:\Users\srw245\AppData\Local\Programs\MiKTeX 2.9\tex\latex\00miktex\hyperref
.cfg"
File: hyperref.cfg 2002/06/06 v1.2 hyperref configuration of TeXLive
)
Package hyperref Info: Option `bookmarks' set `true' on input line 4383.
Package hyperref Info: Option `bookmarksopen' set `true' on input line 4383.
Package hyperref Info: Option `implicit' set `false' on input line 4383.
Package hyperref Info: Hyper figures OFF on input line 4509.
Package hyperref Info: Link nesting OFF on input line 4514.
Package hyperref Info: Hyper index ON on input line 4517.
Package hyperref Info: Plain pages OFF on input line 4524.
Package hyperref Info: Backreferencing OFF on input line 4529.
Package hyperref Info: Implicit mode OFF; no redefinition of LaTeX internals.
Package hyperref Info: Bookmarks ON on input line 4762.
\c@Hy@tempcnt=\count122
 ("C:\Users\srw245\AppData\Local\Programs\MiKTeX 2.9\tex\latex\url\url.sty"
\Urlmuskip=\muskip10
Package: url 2013/09/16  ver 3.4  Verb mode for urls, etc.
)
LaTeX Info: Redefining \url on input line 5115.
\XeTeXLinkMargin=\dimen164
\Fld@menulength=\count123
\Field@Width=\dimen165
\Fld@charsize=\dimen166
Package hyperref Info: Hyper figures OFF on input line 6369.
Package hyperref Info: Link nesting OFF on input line 6374.
Package hyperref Info: Hyper index ON on input line 6377.
Package hyperref Info: backreferencing OFF on input line 6384.
Package hyperref Info: Link coloring OFF on input line 6389.
Package hyperref Info: Link coloring with OCG OFF on input line 6394.
Package hyperref Info: PDF/A mode OFF on input line 6399.
LaTeX Info: Redefining \ref on input line 6439.
LaTeX Info: Redefining \pageref on input line 6443.
\Hy@abspage=\count124


Package hyperref Message: Stopped early.

)
Package hyperref Info: Driver (autodetected): hpdftex.

("C:\Users\srw245\AppData\Local\Programs\MiKTeX 2.9\tex\latex\hyperref\hpdftex.
def"
File: hpdftex.def 2018/02/06 v6.86b Hyperref driver for pdfTeX
\Fld@listcount=\count125
\c@bookmark@seq@number=\count126

("C:\Users\srw245\AppData\Local\Programs\MiKTeX 2.9\tex\latex\oberdiek\rerunfil
echeck.sty"
Package: rerunfilecheck 2016/05/16 v1.8 Rerun checks for auxiliary files (HO)
Package uniquecounter Info: New unique counter `rerunfilecheck' on input line 2
82.
))
("C:\Users\srw245\AppData\Local\Programs\MiKTeX 2.9\tex\latex\beamer\beamerbase
requires.sty"
("C:\Users\srw245\AppData\Local\Programs\MiKTeX 2.9\tex\latex\beamer\beamerbase
compatibility.sty")
("C:\Users\srw245\AppData\Local\Programs\MiKTeX 2.9\tex\latex\beamer\beamerbase
font.sty"
("C:\Users\srw245\AppData\Local\Programs\MiKTeX 2.9\tex\latex\amsfonts\amssymb.
sty"
Package: amssymb 2013/01/14 v3.01 AMS font symbols

("C:\Users\srw245\AppData\Local\Programs\MiKTeX 2.9\tex\latex\amsfonts\amsfonts
.sty"
Package: amsfonts 2013/01/14 v3.01 Basic AMSFonts support
\@emptytoks=\toks26
\symAMSa=\mathgroup4
\symAMSb=\mathgroup5
LaTeX Font Info:    Overwriting math alphabet `\mathfrak' in version `bold'
(Font)                  U/euf/m/n --> U/euf/b/n on input line 106.
))
("C:\Users\srw245\AppData\Local\Programs\MiKTeX 2.9\tex\latex\sansmathaccent\sa
nsmathaccent.sty"
Package: sansmathaccent 2013/03/28

("C:\Users\srw245\AppData\Local\Programs\MiKTeX 2.9\tex\latex\filehook\filehook
.sty"
Package: filehook 2011/10/12 v0.5d Hooks for input files
)))
("C:\Users\srw245\AppData\Local\Programs\MiKTeX 2.9\tex\latex\beamer\beamerbase
translator.sty"
("C:\Users\srw245\AppData\Local\Programs\MiKTeX 2.9\tex\latex\translator\transl
ator.sty"
Package: translator 2018/01/04 v1.12 Easy translation of strings in LaTeX
))
("C:\Users\srw245\AppData\Local\Programs\MiKTeX 2.9\tex\latex\beamer\beamerbase
misc.sty")
("C:\Users\srw245\AppData\Local\Programs\MiKTeX 2.9\tex\latex\beamer\beamerbase
twoscreens.sty")
("C:\Users\srw245\AppData\Local\Programs\MiKTeX 2.9\tex\latex\beamer\beamerbase
overlay.sty"
\beamer@argscount=\count127
\beamer@lastskipcover=\skip44
\beamer@trivlistdepth=\count128
)
("C:\Users\srw245\AppData\Local\Programs\MiKTeX 2.9\tex\latex\beamer\beamerbase
title.sty")
("C:\Users\srw245\AppData\Local\Programs\MiKTeX 2.9\tex\latex\beamer\beamerbase
section.sty"
\c@lecture=\count129
\c@part=\count130
\c@section=\count131
\c@subsection=\count132
\c@subsubsection=\count133
)
("C:\Users\srw245\AppData\Local\Programs\MiKTeX 2.9\tex\latex\beamer\beamerbase
frame.sty"
\beamer@framebox=\box40
\beamer@frametitlebox=\box41
\beamer@zoombox=\box42
\beamer@zoomcount=\count134
\beamer@zoomframecount=\count135
\beamer@frametextheight=\dimen167
\c@subsectionslide=\count136
\beamer@frametopskip=\skip45
\beamer@framebottomskip=\skip46
\beamer@frametopskipautobreak=\skip47
\beamer@framebottomskipautobreak=\skip48
\beamer@envbody=\toks27
\framewidth=\dimen168
\c@framenumber=\count137
)
("C:\Users\srw245\AppData\Local\Programs\MiKTeX 2.9\tex\latex\beamer\beamerbase
verbatim.sty"
\beamer@verbatimfileout=\write4
)
("C:\Users\srw245\AppData\Local\Programs\MiKTeX 2.9\tex\latex\beamer\beamerbase
framesize.sty"
\beamer@splitbox=\box43
\beamer@autobreakcount=\count138
\beamer@autobreaklastheight=\dimen169
\beamer@frametitletoks=\toks28
\beamer@framesubtitletoks=\toks29
)
("C:\Users\srw245\AppData\Local\Programs\MiKTeX 2.9\tex\latex\beamer\beamerbase
framecomponents.sty"
\beamer@footins=\box44
)
("C:\Users\srw245\AppData\Local\Programs\MiKTeX 2.9\tex\latex\beamer\beamerbase
color.sty"
\beamer@bg@ht=\dimen170
\beamer@bg@wd=\dimen171
\beamer@bg@dp=\dimen172
)
("C:\Users\srw245\AppData\Local\Programs\MiKTeX 2.9\tex\latex\beamer\beamerbase
notes.sty"
\beamer@frameboxcopy=\box45
)
("C:\Users\srw245\AppData\Local\Programs\MiKTeX 2.9\tex\latex\beamer\beamerbase
toc.sty")
("C:\Users\srw245\AppData\Local\Programs\MiKTeX 2.9\tex\latex\beamer\beamerbase
templates.sty"
\beamer@sbttoks=\toks30

("C:\Users\srw245\AppData\Local\Programs\MiKTeX 2.9\tex\latex\beamer\beamerbase
auxtemplates.sty"
("C:\Users\srw245\AppData\Local\Programs\MiKTeX 2.9\tex\latex\beamer\beamerbase
boxes.sty"
\bmb@box=\box46
\bmb@colorbox=\box47
\bmb@boxshadow=\box48
\bmb@boxshadowball=\box49
\bmb@boxshadowballlarge=\box50
\bmb@temp=\dimen173
\bmb@dima=\dimen174
\bmb@dimb=\dimen175
\bmb@prevheight=\dimen176
)
\beamer@blockheadheight=\dimen177
))
("C:\Users\srw245\AppData\Local\Programs\MiKTeX 2.9\tex\latex\beamer\beamerbase
localstructure.sty"
("C:\Users\srw245\AppData\Local\Programs\MiKTeX 2.9\tex\latex\tools\enumerate.s
ty"
Package: enumerate 2015/07/23 v3.00 enumerate extensions (DPC)
\@enLab=\toks31
)
\c@figure=\count139
\c@table=\count140
\abovecaptionskip=\skip49
\belowcaptionskip=\skip50
)
("C:\Users\srw245\AppData\Local\Programs\MiKTeX 2.9\tex\latex\beamer\beamerbase
navigation.sty"
\beamer@section@min@dim=\dimen178
)
("C:\Users\srw245\AppData\Local\Programs\MiKTeX 2.9\tex\latex\beamer\beamerbase
theorems.sty"
("C:\Users\srw245\AppData\Local\Programs\MiKTeX 2.9\tex\latex\amsmath\amsmath.s
ty"
Package: amsmath 2017/09/02 v2.17a AMS math features
\@mathmargin=\skip51

For additional information on amsmath, use the `?' option.

("C:\Users\srw245\AppData\Local\Programs\MiKTeX 2.9\tex\latex\amsmath\amstext.s
ty"
Package: amstext 2000/06/29 v2.01 AMS text

("C:\Users\srw245\AppData\Local\Programs\MiKTeX 2.9\tex\latex\amsmath\amsgen.st
y"
File: amsgen.sty 1999/11/30 v2.0 generic functions
\@emptytoks=\toks32
\ex@=\dimen179
))
("C:\Users\srw245\AppData\Local\Programs\MiKTeX 2.9\tex\latex\amsmath\amsbsy.st
y"
Package: amsbsy 1999/11/29 v1.2d Bold Symbols
\pmbraise@=\dimen180
)
("C:\Users\srw245\AppData\Local\Programs\MiKTeX 2.9\tex\latex\amsmath\amsopn.st
y"
Package: amsopn 2016/03/08 v2.02 operator names
)
\inf@bad=\count141
LaTeX Info: Redefining \frac on input line 213.
\uproot@=\count142
\leftroot@=\count143
LaTeX Info: Redefining \overline on input line 375.
\classnum@=\count144
\DOTSCASE@=\count145
LaTeX Info: Redefining \ldots on input line 472.
LaTeX Info: Redefining \dots on input line 475.
LaTeX Info: Redefining \cdots on input line 596.
\Mathstrutbox@=\box51
\strutbox@=\box52
\big@size=\dimen181
LaTeX Font Info:    Redeclaring font encoding OML on input line 712.
LaTeX Font Info:    Redeclaring font encoding OMS on input line 713.
\macc@depth=\count146
\c@MaxMatrixCols=\count147
\dotsspace@=\muskip11
\c@parentequation=\count148
\dspbrk@lvl=\count149
\tag@help=\toks33
\row@=\count150
\column@=\count151
\maxfields@=\count152
\andhelp@=\toks34
\eqnshift@=\dimen182
\alignsep@=\dimen183
\tagshift@=\dimen184
\tagwidth@=\dimen185
\totwidth@=\dimen186
\lineht@=\dimen187
\@envbody=\toks35
\multlinegap=\skip52
\multlinetaggap=\skip53
\mathdisplay@stack=\toks36
LaTeX Info: Redefining \[ on input line 2817.
LaTeX Info: Redefining \] on input line 2818.
)
("C:\Users\srw245\AppData\Local\Programs\MiKTeX 2.9\tex\latex\amscls\amsthm.sty
"
Package: amsthm 2017/10/31 v2.20.4
\thm@style=\toks37
\thm@bodyfont=\toks38
\thm@headfont=\toks39
\thm@notefont=\toks40
\thm@headpunct=\toks41
\thm@preskip=\skip54
\thm@postskip=\skip55
\thm@headsep=\skip56
\dth@everypar=\toks42
)
\c@theorem=\count153
)
("C:\Users\srw245\AppData\Local\Programs\MiKTeX 2.9\tex\latex\beamer\beamerbase
themes.sty"))
("C:\Users\srw245\AppData\Local\Programs\MiKTeX 2.9\tex\latex\beamer\beamerthem
edefault.sty"
("C:\Users\srw245\AppData\Local\Programs\MiKTeX 2.9\tex\latex\beamer\beamerfont
themedefault.sty")
("C:\Users\srw245\AppData\Local\Programs\MiKTeX 2.9\tex\latex\beamer\beamercolo
rthemedefault.sty")
("C:\Users\srw245\AppData\Local\Programs\MiKTeX 2.9\tex\latex\beamer\beamerinne
rthemedefault.sty"
\beamer@dima=\dimen188
\beamer@dimb=\dimen189
)
("C:\Users\srw245\AppData\Local\Programs\MiKTeX 2.9\tex\latex\beamer\beameroute
rthemedefault.sty")))
("C:\Users\srw245\AppData\Local\Programs\MiKTeX 2.9\tex\latex\beamer\beamerthem
eEastLansing.sty"
("C:\Users\srw245\AppData\Local\Programs\MiKTeX 2.9\tex\latex\beamer\beamerinne
rthemerounded.sty")
("C:\Users\srw245\AppData\Local\Programs\MiKTeX 2.9\tex\latex\beamer\beameroute
rthemeinfolines.sty")
("C:\Users\srw245\AppData\Local\Programs\MiKTeX 2.9\tex\latex\beamer\beamercolo
rthemespruce.sty"))
("C:\Users\srw245\AppData\Local\Programs\MiKTeX 2.9\tex\latex\listings\listings
.sty"
\lst@mode=\count154
\lst@gtempboxa=\box53
\lst@token=\toks43
\lst@length=\count155
\lst@currlwidth=\dimen190
\lst@column=\count156
\lst@pos=\count157
\lst@lostspace=\dimen191
\lst@width=\dimen192
\lst@newlines=\count158
\lst@lineno=\count159
\lst@maxwidth=\dimen193

("C:\Users\srw245\AppData\Local\Programs\MiKTeX 2.9\tex\latex\listings\lstmisc.
sty"
File: lstmisc.sty 2020/03/24 1.8d (Carsten Heinz)
\c@lstnumber=\count160
\lst@skipnumbers=\count161
\lst@framebox=\box54
)
("C:\Users\srw245\AppData\Local\Programs\MiKTeX 2.9\tex\latex\listings\listings
.cfg"
File: listings.cfg 2020/03/24 1.8d listings configuration
))
Package: listings 2020/03/24 1.8d (Carsten Heinz)

("C:\Users\srw245\AppData\Local\Programs\MiKTeX 2.9\tex\latex\psnfss\courier.st
y"
Package: courier 2005/04/12 PSNFSS-v9.2a (WaS) 
)
("C:\Users\srw245\AppData\Local\Programs\MiKTeX 2.9\tex\latex\algorithm2e\algor
ithm2e.sty"
Package: algorithm2e 2017/07/18 v5.2 algorithms environments
\c@AlgoLine=\count162

("C:\Users\srw245\AppData\Local\Programs\MiKTeX 2.9\tex\latex\base\ifthen.sty"
Package: ifthen 2014/09/29 v1.1c Standard LaTeX ifthen package (DPC)
)
\algocf@hangindent=\skip57

("C:\Users\srw245\AppData\Local\Programs\MiKTeX 2.9\tex\latex\ifoddpage\ifoddpa
ge.sty"
Package: ifoddpage 2016/04/23 v1.1 Conditionals for odd/even page detection
\c@checkoddpage=\count163
)
("C:\Users\srw245\AppData\Local\Programs\MiKTeX 2.9\tex\latex\tools\xspace.sty"
Package: xspace 2014/10/28 v1.13 Space after command names (DPC,MH)
)
("C:\Users\srw245\AppData\Local\Programs\MiKTeX 2.9\tex\latex\ltxmisc\relsize.s
ty"
Package: relsize 2003/07/04 ver 3.1
)
\skiptotal=\skip58
\skiplinenumber=\skip59
\skiprule=\skip60
\skiphlne=\skip61
\skiptext=\skip62
\skiplength=\skip63
\algomargin=\skip64
\skipalgocfslide=\skip65
\algowidth=\dimen194
\inoutsize=\dimen195
\inoutindent=\dimen196
\interspacetitleruled=\dimen197
\interspacealgoruled=\dimen198
\interspacetitleboxruled=\dimen199
\algocf@ruledwidth=\skip66
\algocf@inoutbox=\box55
\algocf@inputbox=\box56
\AlCapSkip=\skip67
\AlCapHSkip=\skip68
\algoskipindent=\skip69
\algocf@nlbox=\box57
\algocf@hangingbox=\box58
\algocf@untilbox=\box59
\algocf@skipuntil=\skip70
\algocf@capbox=\box60
\algocf@lcaptionbox=\skip71
\algoheightruledefault=\skip72
\algoheightrule=\skip73
\algotitleheightruledefault=\skip74
\algotitleheightrule=\skip75
\c@algocfline=\count164
\c@algocfproc=\count165
\c@algocf=\count166
\algocf@algoframe=\box61
\algocf@algobox=\box62
)
("C:\Users\srw245\AppData\Local\Programs\MiKTeX 2.9\tex\latex\tools\multicol.st
y"
Package: multicol 2017/04/11 v1.8q multicolumn formatting (FMi)
\c@tracingmulticols=\count167
\mult@box=\box63
\multicol@leftmargin=\dimen256
\c@unbalance=\count168
\c@collectmore=\count169
\doublecol@number=\count170
\multicoltolerance=\count171
\multicolpretolerance=\count172
\full@width=\dimen257
\page@free=\dimen258
\premulticols=\dimen259
\postmulticols=\dimen260
\multicolsep=\skip76
\multicolbaselineskip=\skip77
\partial@page=\box64
\last@line=\box65
\maxbalancingoverflow=\dimen261
\mult@rightbox=\box66
\mult@grightbox=\box67
\mult@gfirstbox=\box68
\mult@firstbox=\box69
\@tempa=\box70
\@tempa=\box71
\@tempa=\box72
\@tempa=\box73
\@tempa=\box74
\@tempa=\box75
\@tempa=\box76
\@tempa=\box77
\@tempa=\box78
\@tempa=\box79
\@tempa=\box80
\@tempa=\box81
\@tempa=\box82
\@tempa=\box83
\@tempa=\box84
\@tempa=\box85
\@tempa=\box86
\c@columnbadness=\count173
\c@finalcolumnbadness=\count174
\last@try=\dimen262
\multicolovershoot=\dimen263
\multicolundershoot=\dimen264
\mult@nat@firstbox=\box87
\colbreak@box=\box88
\mc@col@check@num=\count175
)
("C:\Users\srw245\AppData\Local\Programs\MiKTeX 2.9\tex\latex\beamer\beamerfont
themeserif.sty")
No file LectureTuesWk1.aux.
\openout1 = `LectureTuesWk1.aux'.

LaTeX Font Info:    Checking defaults for OML/cmm/m/it on input line 58.
LaTeX Font Info:    ... okay on input line 58.
LaTeX Font Info:    Checking defaults for T1/cmr/m/n on input line 58.
LaTeX Font Info:    ... okay on input line 58.
LaTeX Font Info:    Checking defaults for OT1/cmr/m/n on input line 58.
LaTeX Font Info:    ... okay on input line 58.
LaTeX Font Info:    Checking defaults for OMS/cmsy/m/n on input line 58.
LaTeX Font Info:    ... okay on input line 58.
LaTeX Font Info:    Checking defaults for OMX/cmex/m/n on input line 58.
LaTeX Font Info:    ... okay on input line 58.
LaTeX Font Info:    Checking defaults for U/cmr/m/n on input line 58.
LaTeX Font Info:    ... okay on input line 58.
LaTeX Font Info:    Checking defaults for PD1/pdf/m/n on input line 58.
LaTeX Font Info:    ... okay on input line 58.
*geometry* driver: auto-detecting
*geometry* detected driver: pdftex
*geometry* verbose mode - [ preamble ] result:
* driver: pdftex
* paper: custom
* layout: <same size as paper>
* layoutoffset:(h,v)=(0.0pt,0.0pt)
* modes: includehead includefoot 
* h-part:(L,W,R)=(14.09984pt, 335.99568pt, 14.09984pt)
* v-part:(T,H,B)=(0.0pt, 273.14662pt, 0.0pt)
* \paperwidth=364.19536pt
* \paperheight=273.14662pt
* \textwidth=335.99568pt
* \textheight=244.6939pt
* \oddsidemargin=-58.17015pt
* \evensidemargin=-58.17015pt
* \topmargin=-72.26999pt
* \headheight=14.22636pt
* \headsep=0.0pt
* \topskip=14.0pt
* \footskip=14.22636pt
* \marginparwidth=4.0pt
* \marginparsep=10.0pt
* \columnsep=10.0pt
* \skip\footins=12.0pt plus 4.0pt minus 2.0pt
* \hoffset=0.0pt
* \voffset=0.0pt
* \mag=1000
* \@twocolumnfalse
* \@twosidefalse
* \@mparswitchfalse
* \@reversemarginfalse
* (1in=72.27pt=25.4mm, 1cm=28.453pt)


("C:\Users\srw245\AppData\Local\Programs\MiKTeX 2.9\tex\context\base\supp-pdf.m
kii"
[Loading MPS to PDF converter (version 2006.09.02).]
\scratchcounter=\count176
\scratchdimen=\dimen265
\scratchbox=\box89
\nofMPsegments=\count177
\nofMParguments=\count178
\everyMPshowfont=\toks44
\MPscratchCnt=\count179
\MPscratchDim=\dimen266
\MPnumerator=\count180
\makeMPintoPDFobject=\count181
\everyMPtoPDFconversion=\toks45
)
("C:\Users\srw245\AppData\Local\Programs\MiKTeX 2.9\tex\latex\oberdiek\epstopdf
-base.sty"
Package: epstopdf-base 2016/05/15 v2.6 Base part for package epstopdf

("C:\Users\srw245\AppData\Local\Programs\MiKTeX 2.9\tex\latex\oberdiek\grfext.s
ty"
Package: grfext 2016/05/16 v1.2 Manage graphics extensions (HO)
)
Package epstopdf-base Info: Redefining graphics rule for `.eps' on input line 4
38.
Package grfext Info: Graphics extension search list:
(grfext)             [.pdf,.png,.jpg,.mps,.jpeg,.jbig2,.jb2,.PDF,.PNG,.JPG,.JPE
G,.JBIG2,.JB2,.eps]
(grfext)             \AppendGraphicsExtensions on input line 456.
) ABD: EveryShipout initializing macros
\AtBeginShipoutBox=\box90
Package hyperref Info: Link coloring OFF on input line 58.

("C:\Users\srw245\AppData\Local\Programs\MiKTeX 2.9\tex\latex\hyperref\nameref.
sty"
Package: nameref 2016/05/21 v2.44 Cross-referencing by name of section

("C:\Users\srw245\AppData\Local\Programs\MiKTeX 2.9\tex\generic\oberdiek\gettit
lestring.sty"
Package: gettitlestring 2016/05/16 v1.5 Cleanup title references (HO)
)
\c@section@level=\count182
)
LaTeX Info: Redefining \ref on input line 58.
LaTeX Info: Redefining \pageref on input line 58.
LaTeX Info: Redefining \nameref on input line 58.
\@outlinefile=\write5
\openout5 = `LectureTuesWk1.out'.


("C:\Users\srw245\AppData\Local\Programs\MiKTeX 2.9\tex\latex\translator\transl
ator-basic-dictionary-English.dict"
Dictionary: translator-basic-dictionary, Language: English 
)
("C:\Users\srw245\AppData\Local\Programs\MiKTeX 2.9\tex\latex\translator\transl
ator-bibliography-dictionary-English.dict"
Dictionary: translator-bibliography-dictionary, Language: English 
)
("C:\Users\srw245\AppData\Local\Programs\MiKTeX 2.9\tex\latex\translator\transl
ator-environment-dictionary-English.dict"
Dictionary: translator-environment-dictionary, Language: English 
)
("C:\Users\srw245\AppData\Local\Programs\MiKTeX 2.9\tex\latex\translator\transl
ator-months-dictionary-English.dict"
Dictionary: translator-months-dictionary, Language: English 
)
("C:\Users\srw245\AppData\Local\Programs\MiKTeX 2.9\tex\latex\translator\transl
ator-numbers-dictionary-English.dict"
Dictionary: translator-numbers-dictionary, Language: English 
)
("C:\Users\srw245\AppData\Local\Programs\MiKTeX 2.9\tex\latex\translator\transl
ator-theorem-dictionary-English.dict"
Dictionary: translator-theorem-dictionary, Language: English 
)
\c@lstlisting=\count183
 (LectureTuesWk1.nav)
LaTeX Font Info:    Try loading font information for U+msa on input line 76.

("C:\Users\srw245\AppData\Local\Programs\MiKTeX 2.9\tex\latex\amsfonts\umsa.fd"
File: umsa.fd 2013/01/14 v3.01 AMS symbols A
)
LaTeX Font Info:    Try loading font information for U+msb on input line 76.
 ("C:\Users\srw245\AppData\Local\Programs\MiKTeX 2.9\tex\latex\amsfonts\umsb.fd
"
File: umsb.fd 2013/01/14 v3.01 AMS symbols B
) [1

{C:/Users/srw245/AppData/Local/MiKTeX/2.9/pdftex/config/pdftex.map}]
[2] [3

]
\openout4 = `LectureTuesWk1.vrb'.

 (LectureTuesWk1.vrb) [4

] [5

]
Missing character: There is no ‚ in font cmss12!
Missing character: There is no Ä in font cmss12!
Missing character: There is no ù in font cmss12!
Missing character: There is no ‚ in font cmss12!
Missing character: There is no Ä in font cmss12!
Missing character: There is no ù in font cmss12!
Missing character: There is no ‚ in font cmss12!
Missing character: There is no Ä in font cmss12!
Missing character: There is no ú in font cmss12!
Missing character: There is no ‚ in font cmss12!
Missing character: There is no Ä in font cmss12!
Missing character: There is no ù in font cmss12!
 [6

]
Missing character: There is no ‚ in font cmss12!
Missing character: There is no Ä in font cmss12!
Missing character: There is no ù in font cmss12!
 [7

] [8

]
LaTeX Font Info:    Try loading font information for OT1+pcr on input line 187.


("C:\Users\srw245\AppData\Local\Programs\MiKTeX 2.9\tex\latex\psnfss\ot1pcr.fd"
File: ot1pcr.fd 2001/06/04 font definitions for OT1/pcr.
) [9

]
\openout4 = `LectureTuesWk1.vrb'.

 (LectureTuesWk1.vrb) [10

] [11

]
\openout4 = `LectureTuesWk1.vrb'.

 (LectureTuesWk1.vrb) [12

]
\openout4 = `LectureTuesWk1.vrb'.


(LectureTuesWk1.vrb) [13

] [14

] [15

]
\openout4 = `LectureTuesWk1.vrb'.

 (LectureTuesWk1.vrb) [16

] [17

] [18

]
[19

] [20

] [21

] [22

]
\openout4 = `LectureTuesWk1.vrb'.

 (LectureTuesWk1.vrb) [23

] [24

] [25

] [26

] [27

]
\openout4 = `LectureTuesWk1.vrb'.


(LectureTuesWk1.vrb) [28

] [29

]
\tf@nav=\write6
\openout6 = `LectureTuesWk1.nav'.

\tf@toc=\write7
\openout7 = `LectureTuesWk1.toc'.

\tf@snm=\write8
\openout8 = `LectureTuesWk1.snm'.

Package atveryend Info: Empty hook `BeforeClearDocument' on input line 592.
Package atveryend Info: Empty hook `AfterLastShipout' on input line 592.
 (LectureTuesWk1.aux)
Package atveryend Info: Executing hook `AtVeryEndDocument' on input line 592.
Package atveryend Info: Executing hook `AtEndAfterFileList' on input line 592.


Package rerunfilecheck Warning: File `LectureTuesWk1.out' has changed.
(rerunfilecheck)                Rerun to get outlines right
(rerunfilecheck)                or use package `bookmark'.

Package rerunfilecheck Info: Checksums for `LectureTuesWk1.out':
(rerunfilecheck)             Before: <no file>
(rerunfilecheck)             After:  D41D8CD98F00B204E9800998ECF8427E;0.
 ) 
Here is how much of TeX's memory you used:
 19580 strings out of 493305
 372122 string characters out of 3129367
 498656 words of memory out of 3000000
 22631 multiletter control sequences out of 15000+200000
 17371 words of font info for 66 fonts, out of 3000000 for 9000
 1141 hyphenation exceptions out of 8191
 56i,15n,58p,805b,1294s stack positions out of 5000i,500n,10000p,200000b,50000s
{C:/Users/srw245/AppData/Local/Programs/MiKTeX 2.9/fonts/enc/dvips/base/8r.en
c}<C:/Users/srw245/AppData/Local/Programs/MiKTeX 2.9/fonts/type1/public/amsfont
s/cm/cmex10.pfb><C:/Users/srw245/AppData/Local/Programs/MiKTeX 2.9/fonts/type1/
public/amsfonts/cm/cmmi10.pfb><C:/Users/srw245/AppData/Local/Programs/MiKTeX 2.
9/fonts/type1/public/amsfonts/cm/cmmi12.pfb><C:/Users/srw245/AppData/Local/Prog
rams/MiKTeX 2.9/fonts/type1/public/amsfonts/cm/cmmi7.pfb><C:/Users/srw245/AppDa
ta/Local/Programs/MiKTeX 2.9/fonts/type1/public/amsfonts/cm/cmmi8.pfb><C:/Users
/srw245/AppData/Local/Programs/MiKTeX 2.9/fonts/type1/public/amsfonts/cm/cmr10.
pfb><C:/Users/srw245/AppData/Local/Programs/MiKTeX 2.9/fonts/type1/public/amsfo
nts/cm/cmr12.pfb><C:/Users/srw245/AppData/Local/Programs/MiKTeX 2.9/fonts/type1
/public/amsfonts/cm/cmr7.pfb><C:/Users/srw245/AppData/Local/Programs/MiKTeX 2.9
/fonts/type1/public/amsfonts/cm/cmr8.pfb><C:/Users/srw245/AppData/Local/Program
s/MiKTeX 2.9/fonts/type1/public/amsfonts/cm/cmss10.pfb><C:/Users/srw245/AppData
/Local/Programs/MiKTeX 2.9/fonts/type1/public/amsfonts/cm/cmss12.pfb><C:/Users/
srw245/AppData/Local/Programs/MiKTeX 2.9/fonts/type1/public/amsfonts/cm/cmss17.
pfb><C:/Users/srw245/AppData/Local/Programs/MiKTeX 2.9/fonts/type1/public/amsfo
nts/cm/cmss8.pfb><C:/Users/srw245/AppData/Local/Programs/MiKTeX 2.9/fonts/type1
/public/amsfonts/cm/cmssbx10.pfb><C:/Users/srw245/AppData/Local/Programs/MiKTeX
 2.9/fonts/type1/public/amsfonts/cm/cmssi10.pfb><C:/Users/srw245/AppData/Local/
Programs/MiKTeX 2.9/fonts/type1/public/amsfonts/cm/cmssi12.pfb><C:/Users/srw245
/AppData/Local/Programs/MiKTeX 2.9/fonts/type1/public/amsfonts/cm/cmsy10.pfb><C
:/Users/srw245/AppData/Local/Programs/MiKTeX 2.9/fonts/type1/public/amsfonts/cm
/cmsy8.pfb><C:/Users/srw245/AppData/Local/Programs/MiKTeX 2.9/fonts/type1/publi
c/amsfonts/symbols/msam10.pfb><C:/Users/srw245/AppData/Local/Programs/MiKTeX 2.
9/fonts/type1/urw/courier/ucrr8a.pfb>
Output written on LectureTuesWk1.pdf (29 pages, 385558 bytes).
PDF statistics:
 873 PDF objects out of 1000 (max. 8388607)
 59 named destinations out of 1000 (max. 500000)
 55 words of extra memory for PDF output out of 10000 (max. 10000000)

