This is pdfTeX, Version 3.14159265-2.6-1.40.19 (MiKTeX 2.9.6630 64-bit) (preloaded format=pdflatex 2018.4.12)  4 MAR 2021 12:01
entering extended mode
**./LectureMonWk2.tex
(LectureMonWk2.tex
LaTeX2e <2017-04-15>
Babel <3.18> and hyphenation patterns for 75 language(s) loaded.
("C:\Users\srw245\AppData\Local\Programs\MiKTeX 2.9\tex\latex\beamer\beamer.cls
"
Document Class: beamer 2018/02/20 v3.50 A class for typesetting presentations

("C:\Users\srw245\AppData\Local\Programs\MiKTeX 2.9\tex\latex\beamer\beamerbase
modes.sty"
("C:\Users\srw245\AppData\Local\Programs\MiKTeX 2.9\tex\latex\etoolbox\etoolbox
.sty"
Package: etoolbox 2018/02/11 v2.5e e-TeX tools for LaTeX (JAW)
\etb@tempcnta=\count79
)
\beamer@tempbox=\box26
\beamer@tempcount=\count80
\c@beamerpauses=\count81

("C:\Users\srw245\AppData\Local\Programs\MiKTeX 2.9\tex\latex\beamer\beamerbase
decode.sty"
\beamer@slideinframe=\count82
\beamer@minimum=\count83
)
\beamer@commentbox=\box27
\beamer@modecount=\count84
)
("C:\Users\srw245\AppData\Local\Programs\MiKTeX 2.9\tex\generic\oberdiek\ifpdf.
sty"
Package: ifpdf 2017/03/15 v3.2 Provides the ifpdf switch
)
\headdp=\dimen102
\footheight=\dimen103
\sidebarheight=\dimen104
\beamer@tempdim=\dimen105
\beamer@finalheight=\dimen106
\beamer@animht=\dimen107
\beamer@animdp=\dimen108
\beamer@animwd=\dimen109
\beamer@leftmargin=\dimen110
\beamer@rightmargin=\dimen111
\beamer@leftsidebar=\dimen112
\beamer@rightsidebar=\dimen113
\beamer@boxsize=\dimen114
\beamer@vboxoffset=\dimen115
\beamer@descdefault=\dimen116
\beamer@descriptionwidth=\dimen117
\beamer@lastskip=\skip41
\beamer@areabox=\box28
\beamer@animcurrent=\box29
\beamer@animshowbox=\box30
\beamer@sectionbox=\box31
\beamer@logobox=\box32
\beamer@linebox=\box33
\beamer@sectioncount=\count85
\beamer@subsubsectionmax=\count86
\beamer@subsectionmax=\count87
\beamer@sectionmax=\count88
\beamer@totalheads=\count89
\beamer@headcounter=\count90
\beamer@partstartpage=\count91
\beamer@sectionstartpage=\count92
\beamer@subsectionstartpage=\count93
\beamer@animationtempa=\count94
\beamer@animationtempb=\count95
\beamer@xpos=\count96
\beamer@ypos=\count97
\beamer@ypos@offset=\count98
\beamer@showpartnumber=\count99
\beamer@currentsubsection=\count100
\beamer@coveringdepth=\count101
\beamer@sectionadjust=\count102
\beamer@tocsectionnumber=\count103

("C:\Users\srw245\AppData\Local\Programs\MiKTeX 2.9\tex\latex\beamer\beamerbase
options.sty"
("C:\Users\srw245\AppData\Local\Programs\MiKTeX 2.9\tex\latex\graphics\keyval.s
ty"
Package: keyval 2014/10/28 v1.15 key=value parser (DPC)
\KV@toks@=\toks14
))
\beamer@paperwidth=\skip42
\beamer@paperheight=\skip43

("C:\Users\srw245\AppData\Local\Programs\MiKTeX 2.9\tex\latex\geometry\geometry
.sty"
Package: geometry 2010/09/12 v5.6 Page Geometry

("C:\Users\srw245\AppData\Local\Programs\MiKTeX 2.9\tex\generic\oberdiek\ifvtex
.sty"
Package: ifvtex 2016/05/16 v1.6 Detect VTeX and its facilities (HO)
Package ifvtex Info: VTeX not detected.
)
("C:\Users\srw245\AppData\Local\Programs\MiKTeX 2.9\tex\generic\ifxetex\ifxetex
.sty"
Package: ifxetex 2010/09/12 v0.6 Provides ifxetex conditional
)
\Gm@cnth=\count104
\Gm@cntv=\count105
\c@Gm@tempcnt=\count106
\Gm@bindingoffset=\dimen118
\Gm@wd@mp=\dimen119
\Gm@odd@mp=\dimen120
\Gm@even@mp=\dimen121
\Gm@layoutwidth=\dimen122
\Gm@layoutheight=\dimen123
\Gm@layouthoffset=\dimen124
\Gm@layoutvoffset=\dimen125
\Gm@dimlist=\toks15

("C:\Users\srw245\AppData\Local\Programs\MiKTeX 2.9\tex\latex\geometry\geometry
.cfg"))
("C:\Users\srw245\AppData\Local\Programs\MiKTeX 2.9\tex\latex\extsizes\size14.c
lo"
File: size14.clo 1999/11/11 v1.4a NON-Standard LaTeX file (size option)
)
("C:\Users\srw245\AppData\Local\Programs\MiKTeX 2.9\tex\latex\pgf\basiclayer\pg
fcore.sty"
("C:\Users\srw245\AppData\Local\Programs\MiKTeX 2.9\tex\latex\graphics\graphicx
.sty"
Package: graphicx 2017/06/01 v1.1a Enhanced LaTeX Graphics (DPC,SPQR)

("C:\Users\srw245\AppData\Local\Programs\MiKTeX 2.9\tex\latex\graphics\graphics
.sty"
Package: graphics 2017/06/25 v1.2c Standard LaTeX Graphics (DPC,SPQR)

("C:\Users\srw245\AppData\Local\Programs\MiKTeX 2.9\tex\latex\graphics\trig.sty
"
Package: trig 2016/01/03 v1.10 sin cos tan (DPC)
)
("C:\Users\srw245\AppData\Local\Programs\MiKTeX 2.9\tex\latex\graphics-cfg\grap
hics.cfg"
File: graphics.cfg 2016/06/04 v1.11 sample graphics configuration
)
Package graphics Info: Driver file: pdftex.def on input line 99.

("C:\Users\srw245\AppData\Local\Programs\MiKTeX 2.9\tex\latex\graphics-def\pdft
ex.def"
File: pdftex.def 2018/01/08 v1.0l Graphics/color driver for pdftex
))
\Gin@req@height=\dimen126
\Gin@req@width=\dimen127
)
("C:\Users\srw245\AppData\Local\Programs\MiKTeX 2.9\tex\latex\pgf\systemlayer\p
gfsys.sty"
("C:\Users\srw245\AppData\Local\Programs\MiKTeX 2.9\tex\latex\pgf\utilities\pgf
rcs.sty"
("C:\Users\srw245\AppData\Local\Programs\MiKTeX 2.9\tex\generic\pgf\utilities\p
gfutil-common.tex"
\pgfutil@everybye=\toks16
\pgfutil@tempdima=\dimen128
\pgfutil@tempdimb=\dimen129

("C:\Users\srw245\AppData\Local\Programs\MiKTeX 2.9\tex\generic\pgf\utilities\p
gfutil-common-lists.tex"))
("C:\Users\srw245\AppData\Local\Programs\MiKTeX 2.9\tex\generic\pgf\utilities\p
gfutil-latex.def"
\pgfutil@abb=\box34

("C:\Users\srw245\AppData\Local\Programs\MiKTeX 2.9\tex\latex\ms\everyshi.sty"
Package: everyshi 2001/05/15 v3.00 EveryShipout Package (MS)
))
("C:\Users\srw245\AppData\Local\Programs\MiKTeX 2.9\tex\generic\pgf\utilities\p
gfrcs.code.tex"
Package: pgfrcs 2015/08/07 v3.0.1a (rcs-revision 1.31)
))
("C:\Users\srw245\AppData\Local\Programs\MiKTeX 2.9\tex\generic\pgf\systemlayer
\pgfsys.code.tex"
Package: pgfsys 2014/07/09 v3.0.1a (rcs-revision 1.48)

("C:\Users\srw245\AppData\Local\Programs\MiKTeX 2.9\tex\generic\pgf\utilities\p
gfkeys.code.tex"
\pgfkeys@pathtoks=\toks17
\pgfkeys@temptoks=\toks18

("C:\Users\srw245\AppData\Local\Programs\MiKTeX 2.9\tex\generic\pgf\utilities\p
gfkeysfiltered.code.tex"
\pgfkeys@tmptoks=\toks19
))
\pgf@x=\dimen130
\pgf@y=\dimen131
\pgf@xa=\dimen132
\pgf@ya=\dimen133
\pgf@xb=\dimen134
\pgf@yb=\dimen135
\pgf@xc=\dimen136
\pgf@yc=\dimen137
\w@pgf@writea=\write3
\r@pgf@reada=\read1
\c@pgf@counta=\count107
\c@pgf@countb=\count108
\c@pgf@countc=\count109
\c@pgf@countd=\count110
\t@pgf@toka=\toks20
\t@pgf@tokb=\toks21
\t@pgf@tokc=\toks22

("C:\Users\srw245\AppData\Local\Programs\MiKTeX 2.9\tex\generic\pgf\systemlayer
\pgf.cfg"
File: pgf.cfg 2008/05/14  (rcs-revision 1.7)
)
Driver file for pgf: pgfsys-pdftex.def

("C:\Users\srw245\AppData\Local\Programs\MiKTeX 2.9\tex\generic\pgf\systemlayer
\pgfsys-pdftex.def"
File: pgfsys-pdftex.def 2014/10/11  (rcs-revision 1.35)

("C:\Users\srw245\AppData\Local\Programs\MiKTeX 2.9\tex\generic\pgf\systemlayer
\pgfsys-common-pdf.def"
File: pgfsys-common-pdf.def 2013/10/10  (rcs-revision 1.13)
)))
("C:\Users\srw245\AppData\Local\Programs\MiKTeX 2.9\tex\generic\pgf\systemlayer
\pgfsyssoftpath.code.tex"
File: pgfsyssoftpath.code.tex 2013/09/09  (rcs-revision 1.9)
\pgfsyssoftpath@smallbuffer@items=\count111
\pgfsyssoftpath@bigbuffer@items=\count112
)
("C:\Users\srw245\AppData\Local\Programs\MiKTeX 2.9\tex\generic\pgf\systemlayer
\pgfsysprotocol.code.tex"
File: pgfsysprotocol.code.tex 2006/10/16  (rcs-revision 1.4)
))
("C:\Users\srw245\AppData\Local\Programs\MiKTeX 2.9\tex\latex\xcolor\xcolor.sty
"
Package: xcolor 2016/05/11 v2.12 LaTeX color extensions (UK)

("C:\Users\srw245\AppData\Local\Programs\MiKTeX 2.9\tex\latex\graphics-cfg\colo
r.cfg"
File: color.cfg 2016/01/02 v1.6 sample color configuration
)
Package xcolor Info: Driver file: pdftex.def on input line 225.
Package xcolor Info: Model `cmy' substituted by `cmy0' on input line 1348.
Package xcolor Info: Model `hsb' substituted by `rgb' on input line 1352.
Package xcolor Info: Model `RGB' extended on input line 1364.
Package xcolor Info: Model `HTML' substituted by `rgb' on input line 1366.
Package xcolor Info: Model `Hsb' substituted by `hsb' on input line 1367.
Package xcolor Info: Model `tHsb' substituted by `hsb' on input line 1368.
Package xcolor Info: Model `HSB' substituted by `hsb' on input line 1369.
Package xcolor Info: Model `Gray' substituted by `gray' on input line 1370.
Package xcolor Info: Model `wave' substituted by `hsb' on input line 1371.
)
("C:\Users\srw245\AppData\Local\Programs\MiKTeX 2.9\tex\generic\pgf\basiclayer\
pgfcore.code.tex"
Package: pgfcore 2010/04/11 v3.0.1a (rcs-revision 1.7)

("C:\Users\srw245\AppData\Local\Programs\MiKTeX 2.9\tex\generic\pgf\math\pgfmat
h.code.tex"
("C:\Users\srw245\AppData\Local\Programs\MiKTeX 2.9\tex\generic\pgf\math\pgfmat
hcalc.code.tex"
("C:\Users\srw245\AppData\Local\Programs\MiKTeX 2.9\tex\generic\pgf\math\pgfmat
hutil.code.tex")
("C:\Users\srw245\AppData\Local\Programs\MiKTeX 2.9\tex\generic\pgf\math\pgfmat
hparser.code.tex"
\pgfmath@dimen=\dimen138
\pgfmath@count=\count113
\pgfmath@box=\box35
\pgfmath@toks=\toks23
\pgfmath@stack@operand=\toks24
\pgfmath@stack@operation=\toks25
)
("C:\Users\srw245\AppData\Local\Programs\MiKTeX 2.9\tex\generic\pgf\math\pgfmat
hfunctions.code.tex"
("C:\Users\srw245\AppData\Local\Programs\MiKTeX 2.9\tex\generic\pgf\math\pgfmat
hfunctions.basic.code.tex")
("C:\Users\srw245\AppData\Local\Programs\MiKTeX 2.9\tex\generic\pgf\math\pgfmat
hfunctions.trigonometric.code.tex")
("C:\Users\srw245\AppData\Local\Programs\MiKTeX 2.9\tex\generic\pgf\math\pgfmat
hfunctions.random.code.tex")
("C:\Users\srw245\AppData\Local\Programs\MiKTeX 2.9\tex\generic\pgf\math\pgfmat
hfunctions.comparison.code.tex")
("C:\Users\srw245\AppData\Local\Programs\MiKTeX 2.9\tex\generic\pgf\math\pgfmat
hfunctions.base.code.tex")
("C:\Users\srw245\AppData\Local\Programs\MiKTeX 2.9\tex\generic\pgf\math\pgfmat
hfunctions.round.code.tex")
("C:\Users\srw245\AppData\Local\Programs\MiKTeX 2.9\tex\generic\pgf\math\pgfmat
hfunctions.misc.code.tex")
("C:\Users\srw245\AppData\Local\Programs\MiKTeX 2.9\tex\generic\pgf\math\pgfmat
hfunctions.integerarithmetics.code.tex")))
("C:\Users\srw245\AppData\Local\Programs\MiKTeX 2.9\tex\generic\pgf\math\pgfmat
hfloat.code.tex"
\c@pgfmathroundto@lastzeros=\count114
))
("C:\Users\srw245\AppData\Local\Programs\MiKTeX 2.9\tex\generic\pgf\basiclayer\
pgfcorepoints.code.tex"
File: pgfcorepoints.code.tex 2013/10/07  (rcs-revision 1.27)
\pgf@picminx=\dimen139
\pgf@picmaxx=\dimen140
\pgf@picminy=\dimen141
\pgf@picmaxy=\dimen142
\pgf@pathminx=\dimen143
\pgf@pathmaxx=\dimen144
\pgf@pathminy=\dimen145
\pgf@pathmaxy=\dimen146
\pgf@xx=\dimen147
\pgf@xy=\dimen148
\pgf@yx=\dimen149
\pgf@yy=\dimen150
\pgf@zx=\dimen151
\pgf@zy=\dimen152
)
("C:\Users\srw245\AppData\Local\Programs\MiKTeX 2.9\tex\generic\pgf\basiclayer\
pgfcorepathconstruct.code.tex"
File: pgfcorepathconstruct.code.tex 2013/10/07  (rcs-revision 1.29)
\pgf@path@lastx=\dimen153
\pgf@path@lasty=\dimen154
)
("C:\Users\srw245\AppData\Local\Programs\MiKTeX 2.9\tex\generic\pgf\basiclayer\
pgfcorepathusage.code.tex"
File: pgfcorepathusage.code.tex 2014/11/02  (rcs-revision 1.24)
\pgf@shorten@end@additional=\dimen155
\pgf@shorten@start@additional=\dimen156
)
("C:\Users\srw245\AppData\Local\Programs\MiKTeX 2.9\tex\generic\pgf\basiclayer\
pgfcorescopes.code.tex"
File: pgfcorescopes.code.tex 2015/05/08  (rcs-revision 1.46)
\pgfpic=\box36
\pgf@hbox=\box37
\pgf@layerbox@main=\box38
\pgf@picture@serial@count=\count115
)
("C:\Users\srw245\AppData\Local\Programs\MiKTeX 2.9\tex\generic\pgf\basiclayer\
pgfcoregraphicstate.code.tex"
File: pgfcoregraphicstate.code.tex 2014/11/02  (rcs-revision 1.12)
\pgflinewidth=\dimen157
)
("C:\Users\srw245\AppData\Local\Programs\MiKTeX 2.9\tex\generic\pgf\basiclayer\
pgfcoretransformations.code.tex"
File: pgfcoretransformations.code.tex 2015/08/07  (rcs-revision 1.20)
\pgf@pt@x=\dimen158
\pgf@pt@y=\dimen159
\pgf@pt@temp=\dimen160
)
("C:\Users\srw245\AppData\Local\Programs\MiKTeX 2.9\tex\generic\pgf\basiclayer\
pgfcorequick.code.tex"
File: pgfcorequick.code.tex 2008/10/09  (rcs-revision 1.3)
)
("C:\Users\srw245\AppData\Local\Programs\MiKTeX 2.9\tex\generic\pgf\basiclayer\
pgfcoreobjects.code.tex"
File: pgfcoreobjects.code.tex 2006/10/11  (rcs-revision 1.2)
)
("C:\Users\srw245\AppData\Local\Programs\MiKTeX 2.9\tex\generic\pgf\basiclayer\
pgfcorepathprocessing.code.tex"
File: pgfcorepathprocessing.code.tex 2013/09/09  (rcs-revision 1.9)
)
("C:\Users\srw245\AppData\Local\Programs\MiKTeX 2.9\tex\generic\pgf\basiclayer\
pgfcorearrows.code.tex"
File: pgfcorearrows.code.tex 2015/05/14  (rcs-revision 1.43)
\pgfarrowsep=\dimen161
)
("C:\Users\srw245\AppData\Local\Programs\MiKTeX 2.9\tex\generic\pgf\basiclayer\
pgfcoreshade.code.tex"
File: pgfcoreshade.code.tex 2013/07/15  (rcs-revision 1.15)
\pgf@max=\dimen162
\pgf@sys@shading@range@num=\count116
)
("C:\Users\srw245\AppData\Local\Programs\MiKTeX 2.9\tex\generic\pgf\basiclayer\
pgfcoreimage.code.tex"
File: pgfcoreimage.code.tex 2013/07/15  (rcs-revision 1.18)

("C:\Users\srw245\AppData\Local\Programs\MiKTeX 2.9\tex\generic\pgf\basiclayer\
pgfcoreexternal.code.tex"
File: pgfcoreexternal.code.tex 2014/07/09  (rcs-revision 1.21)
\pgfexternal@startupbox=\box39
))
("C:\Users\srw245\AppData\Local\Programs\MiKTeX 2.9\tex\generic\pgf\basiclayer\
pgfcorelayers.code.tex"
File: pgfcorelayers.code.tex 2013/07/18  (rcs-revision 1.7)
)
("C:\Users\srw245\AppData\Local\Programs\MiKTeX 2.9\tex\generic\pgf\basiclayer\
pgfcoretransparency.code.tex"
File: pgfcoretransparency.code.tex 2013/09/30  (rcs-revision 1.5)
)
("C:\Users\srw245\AppData\Local\Programs\MiKTeX 2.9\tex\generic\pgf\basiclayer\
pgfcorepatterns.code.tex"
File: pgfcorepatterns.code.tex 2013/11/07  (rcs-revision 1.5)
)))
("C:\Users\srw245\AppData\Local\Programs\MiKTeX 2.9\tex\latex\pgf\utilities\xxc
olor.sty"
Package: xxcolor 2003/10/24 ver 0.1
\XC@nummixins=\count117
\XC@countmixins=\count118
)
("C:\Users\srw245\AppData\Local\Programs\MiKTeX 2.9\tex\generic\oberdiek\atbegs
hi.sty"
Package: atbegshi 2016/06/09 v1.18 At begin shipout hook (HO)

("C:\Users\srw245\AppData\Local\Programs\MiKTeX 2.9\tex\generic\oberdiek\infwar
err.sty"
Package: infwarerr 2016/05/16 v1.4 Providing info/warning/error messages (HO)
)
("C:\Users\srw245\AppData\Local\Programs\MiKTeX 2.9\tex\generic\oberdiek\ltxcmd
s.sty"
Package: ltxcmds 2016/05/16 v1.23 LaTeX kernel commands for general use (HO)
))
("C:\Users\srw245\AppData\Local\Programs\MiKTeX 2.9\tex\latex\hyperref\hyperref
.sty"
Package: hyperref 2018/02/06 v6.86b Hypertext links for LaTeX

("C:\Users\srw245\AppData\Local\Programs\MiKTeX 2.9\tex\generic\oberdiek\hobsub
-hyperref.sty"
Package: hobsub-hyperref 2016/05/16 v1.14 Bundle oberdiek, subset hyperref (HO)


("C:\Users\srw245\AppData\Local\Programs\MiKTeX 2.9\tex\generic\oberdiek\hobsub
-generic.sty"
Package: hobsub-generic 2016/05/16 v1.14 Bundle oberdiek, subset generic (HO)
Package: hobsub 2016/05/16 v1.14 Construct package bundles (HO)
Package hobsub Info: Skipping package `infwarerr' (already loaded).
Package hobsub Info: Skipping package `ltxcmds' (already loaded).
Package: ifluatex 2016/05/16 v1.4 Provides the ifluatex switch (HO)
Package ifluatex Info: LuaTeX not detected.
Package hobsub Info: Skipping package `ifvtex' (already loaded).
Package: intcalc 2016/05/16 v1.2 Expandable calculations with integers (HO)
Package hobsub Info: Skipping package `ifpdf' (already loaded).
Package: etexcmds 2016/05/16 v1.6 Avoid name clashes with e-TeX commands (HO)
Package etexcmds Info: Could not find \expanded.
(etexcmds)             That can mean that you are not using pdfTeX 1.50 or
(etexcmds)             that some package has redefined \expanded.
(etexcmds)             In the latter case, load this package earlier.
Package: kvsetkeys 2016/05/16 v1.17 Key value parser (HO)
Package: kvdefinekeys 2016/05/16 v1.4 Define keys (HO)
Package: pdftexcmds 2018/01/21 v0.26 Utility functions of pdfTeX for LuaTeX (HO
)
Package pdftexcmds Info: LuaTeX not detected.
Package pdftexcmds Info: \pdf@primitive is available.
Package pdftexcmds Info: \pdf@ifprimitive is available.
Package pdftexcmds Info: \pdfdraftmode found.
Package: pdfescape 2016/05/16 v1.14 Implements pdfTeX's escape features (HO)
Package: bigintcalc 2016/05/16 v1.4 Expandable calculations on big integers (HO
)
Package: bitset 2016/05/16 v1.2 Handle bit-vector datatype (HO)
Package: uniquecounter 2016/05/16 v1.3 Provide unlimited unique counter (HO)
)
Package hobsub Info: Skipping package `hobsub' (already loaded).
Package: letltxmacro 2016/05/16 v1.5 Let assignment for LaTeX macros (HO)
Package: hopatch 2016/05/16 v1.3 Wrapper for package hooks (HO)
Package: xcolor-patch 2016/05/16 xcolor patch
Package: atveryend 2016/05/16 v1.9 Hooks at the very end of document (HO)
Package hobsub Info: Skipping package `atbegshi' (already loaded).
Package: refcount 2016/05/16 v3.5 Data extraction from label references (HO)
Package: hycolor 2016/05/16 v1.8 Color options for hyperref/bookmark (HO)
)
("C:\Users\srw245\AppData\Local\Programs\MiKTeX 2.9\tex\latex\oberdiek\auxhook.
sty"
Package: auxhook 2016/05/16 v1.4 Hooks for auxiliary files (HO)
)
("C:\Users\srw245\AppData\Local\Programs\MiKTeX 2.9\tex\latex\oberdiek\kvoption
s.sty"
Package: kvoptions 2016/05/16 v3.12 Key value format for package options (HO)
)
\@linkdim=\dimen163
\Hy@linkcounter=\count119
\Hy@pagecounter=\count120

("C:\Users\srw245\AppData\Local\Programs\MiKTeX 2.9\tex\latex\hyperref\pd1enc.d
ef"
File: pd1enc.def 2018/02/06 v6.86b Hyperref: PDFDocEncoding definition (HO)
)
\Hy@SavedSpaceFactor=\count121

("C:\Users\srw245\AppData\Local\Programs\MiKTeX 2.9\tex\latex\00miktex\hyperref
.cfg"
File: hyperref.cfg 2002/06/06 v1.2 hyperref configuration of TeXLive
)
Package hyperref Info: Option `bookmarks' set `true' on input line 4383.
Package hyperref Info: Option `bookmarksopen' set `true' on input line 4383.
Package hyperref Info: Option `implicit' set `false' on input line 4383.
Package hyperref Info: Hyper figures OFF on input line 4509.
Package hyperref Info: Link nesting OFF on input line 4514.
Package hyperref Info: Hyper index ON on input line 4517.
Package hyperref Info: Plain pages OFF on input line 4524.
Package hyperref Info: Backreferencing OFF on input line 4529.
Package hyperref Info: Implicit mode OFF; no redefinition of LaTeX internals.
Package hyperref Info: Bookmarks ON on input line 4762.
\c@Hy@tempcnt=\count122
 ("C:\Users\srw245\AppData\Local\Programs\MiKTeX 2.9\tex\latex\url\url.sty"
\Urlmuskip=\muskip10
Package: url 2013/09/16  ver 3.4  Verb mode for urls, etc.
)
LaTeX Info: Redefining \url on input line 5115.
\XeTeXLinkMargin=\dimen164
\Fld@menulength=\count123
\Field@Width=\dimen165
\Fld@charsize=\dimen166
Package hyperref Info: Hyper figures OFF on input line 6369.
Package hyperref Info: Link nesting OFF on input line 6374.
Package hyperref Info: Hyper index ON on input line 6377.
Package hyperref Info: backreferencing OFF on input line 6384.
Package hyperref Info: Link coloring OFF on input line 6389.
Package hyperref Info: Link coloring with OCG OFF on input line 6394.
Package hyperref Info: PDF/A mode OFF on input line 6399.
LaTeX Info: Redefining \ref on input line 6439.
LaTeX Info: Redefining \pageref on input line 6443.
\Hy@abspage=\count124


Package hyperref Message: Stopped early.

)
Package hyperref Info: Driver (autodetected): hpdftex.

("C:\Users\srw245\AppData\Local\Programs\MiKTeX 2.9\tex\latex\hyperref\hpdftex.
def"
File: hpdftex.def 2018/02/06 v6.86b Hyperref driver for pdfTeX
\Fld@listcount=\count125
\c@bookmark@seq@number=\count126

("C:\Users\srw245\AppData\Local\Programs\MiKTeX 2.9\tex\latex\oberdiek\rerunfil
echeck.sty"
Package: rerunfilecheck 2016/05/16 v1.8 Rerun checks for auxiliary files (HO)
Package uniquecounter Info: New unique counter `rerunfilecheck' on input line 2
82.
))
("C:\Users\srw245\AppData\Local\Programs\MiKTeX 2.9\tex\latex\beamer\beamerbase
requires.sty"
("C:\Users\srw245\AppData\Local\Programs\MiKTeX 2.9\tex\latex\beamer\beamerbase
compatibility.sty")
("C:\Users\srw245\AppData\Local\Programs\MiKTeX 2.9\tex\latex\beamer\beamerbase
font.sty"
("C:\Users\srw245\AppData\Local\Programs\MiKTeX 2.9\tex\latex\amsfonts\amssymb.
sty"
Package: amssymb 2013/01/14 v3.01 AMS font symbols

("C:\Users\srw245\AppData\Local\Programs\MiKTeX 2.9\tex\latex\amsfonts\amsfonts
.sty"
Package: amsfonts 2013/01/14 v3.01 Basic AMSFonts support
\@emptytoks=\toks26
\symAMSa=\mathgroup4
\symAMSb=\mathgroup5
LaTeX Font Info:    Overwriting math alphabet `\mathfrak' in version `bold'
(Font)                  U/euf/m/n --> U/euf/b/n on input line 106.
))
("C:\Users\srw245\AppData\Local\Programs\MiKTeX 2.9\tex\latex\sansmathaccent\sa
nsmathaccent.sty"
Package: sansmathaccent 2013/03/28

("C:\Users\srw245\AppData\Local\Programs\MiKTeX 2.9\tex\latex\filehook\filehook
.sty"
Package: filehook 2011/10/12 v0.5d Hooks for input files
)))
("C:\Users\srw245\AppData\Local\Programs\MiKTeX 2.9\tex\latex\beamer\beamerbase
translator.sty"
("C:\Users\srw245\AppData\Local\Programs\MiKTeX 2.9\tex\latex\translator\transl
ator.sty"
Package: translator 2018/01/04 v1.12 Easy translation of strings in LaTeX
))
("C:\Users\srw245\AppData\Local\Programs\MiKTeX 2.9\tex\latex\beamer\beamerbase
misc.sty")
("C:\Users\srw245\AppData\Local\Programs\MiKTeX 2.9\tex\latex\beamer\beamerbase
twoscreens.sty")
("C:\Users\srw245\AppData\Local\Programs\MiKTeX 2.9\tex\latex\beamer\beamerbase
overlay.sty"
\beamer@argscount=\count127
\beamer@lastskipcover=\skip44
\beamer@trivlistdepth=\count128
)
("C:\Users\srw245\AppData\Local\Programs\MiKTeX 2.9\tex\latex\beamer\beamerbase
title.sty")
("C:\Users\srw245\AppData\Local\Programs\MiKTeX 2.9\tex\latex\beamer\beamerbase
section.sty"
\c@lecture=\count129
\c@part=\count130
\c@section=\count131
\c@subsection=\count132
\c@subsubsection=\count133
)
("C:\Users\srw245\AppData\Local\Programs\MiKTeX 2.9\tex\latex\beamer\beamerbase
frame.sty"
\beamer@framebox=\box40
\beamer@frametitlebox=\box41
\beamer@zoombox=\box42
\beamer@zoomcount=\count134
\beamer@zoomframecount=\count135
\beamer@frametextheight=\dimen167
\c@subsectionslide=\count136
\beamer@frametopskip=\skip45
\beamer@framebottomskip=\skip46
\beamer@frametopskipautobreak=\skip47
\beamer@framebottomskipautobreak=\skip48
\beamer@envbody=\toks27
\framewidth=\dimen168
\c@framenumber=\count137
)
("C:\Users\srw245\AppData\Local\Programs\MiKTeX 2.9\tex\latex\beamer\beamerbase
verbatim.sty"
\beamer@verbatimfileout=\write4
)
("C:\Users\srw245\AppData\Local\Programs\MiKTeX 2.9\tex\latex\beamer\beamerbase
framesize.sty"
\beamer@splitbox=\box43
\beamer@autobreakcount=\count138
\beamer@autobreaklastheight=\dimen169
\beamer@frametitletoks=\toks28
\beamer@framesubtitletoks=\toks29
)
("C:\Users\srw245\AppData\Local\Programs\MiKTeX 2.9\tex\latex\beamer\beamerbase
framecomponents.sty"
\beamer@footins=\box44
)
("C:\Users\srw245\AppData\Local\Programs\MiKTeX 2.9\tex\latex\beamer\beamerbase
color.sty"
\beamer@bg@ht=\dimen170
\beamer@bg@wd=\dimen171
\beamer@bg@dp=\dimen172
)
("C:\Users\srw245\AppData\Local\Programs\MiKTeX 2.9\tex\latex\beamer\beamerbase
notes.sty"
\beamer@frameboxcopy=\box45
)
("C:\Users\srw245\AppData\Local\Programs\MiKTeX 2.9\tex\latex\beamer\beamerbase
toc.sty")
("C:\Users\srw245\AppData\Local\Programs\MiKTeX 2.9\tex\latex\beamer\beamerbase
templates.sty"
\beamer@sbttoks=\toks30

("C:\Users\srw245\AppData\Local\Programs\MiKTeX 2.9\tex\latex\beamer\beamerbase
auxtemplates.sty"
("C:\Users\srw245\AppData\Local\Programs\MiKTeX 2.9\tex\latex\beamer\beamerbase
boxes.sty"
\bmb@box=\box46
\bmb@colorbox=\box47
\bmb@boxshadow=\box48
\bmb@boxshadowball=\box49
\bmb@boxshadowballlarge=\box50
\bmb@temp=\dimen173
\bmb@dima=\dimen174
\bmb@dimb=\dimen175
\bmb@prevheight=\dimen176
)
\beamer@blockheadheight=\dimen177
))
("C:\Users\srw245\AppData\Local\Programs\MiKTeX 2.9\tex\latex\beamer\beamerbase
localstructure.sty"
("C:\Users\srw245\AppData\Local\Programs\MiKTeX 2.9\tex\latex\tools\enumerate.s
ty"
Package: enumerate 2015/07/23 v3.00 enumerate extensions (DPC)
\@enLab=\toks31
)
\c@figure=\count139
\c@table=\count140
\abovecaptionskip=\skip49
\belowcaptionskip=\skip50
)
("C:\Users\srw245\AppData\Local\Programs\MiKTeX 2.9\tex\latex\beamer\beamerbase
navigation.sty"
\beamer@section@min@dim=\dimen178
)
("C:\Users\srw245\AppData\Local\Programs\MiKTeX 2.9\tex\latex\beamer\beamerbase
theorems.sty"
("C:\Users\srw245\AppData\Local\Programs\MiKTeX 2.9\tex\latex\amsmath\amsmath.s
ty"
Package: amsmath 2017/09/02 v2.17a AMS math features
\@mathmargin=\skip51

For additional information on amsmath, use the `?' option.

("C:\Users\srw245\AppData\Local\Programs\MiKTeX 2.9\tex\latex\amsmath\amstext.s
ty"
Package: amstext 2000/06/29 v2.01 AMS text

("C:\Users\srw245\AppData\Local\Programs\MiKTeX 2.9\tex\latex\amsmath\amsgen.st
y"
File: amsgen.sty 1999/11/30 v2.0 generic functions
\@emptytoks=\toks32
\ex@=\dimen179
))
("C:\Users\srw245\AppData\Local\Programs\MiKTeX 2.9\tex\latex\amsmath\amsbsy.st
y"
Package: amsbsy 1999/11/29 v1.2d Bold Symbols
\pmbraise@=\dimen180
)
("C:\Users\srw245\AppData\Local\Programs\MiKTeX 2.9\tex\latex\amsmath\amsopn.st
y"
Package: amsopn 2016/03/08 v2.02 operator names
)
\inf@bad=\count141
LaTeX Info: Redefining \frac on input line 213.
\uproot@=\count142
\leftroot@=\count143
LaTeX Info: Redefining \overline on input line 375.
\classnum@=\count144
\DOTSCASE@=\count145
LaTeX Info: Redefining \ldots on input line 472.
LaTeX Info: Redefining \dots on input line 475.
LaTeX Info: Redefining \cdots on input line 596.
\Mathstrutbox@=\box51
\strutbox@=\box52
\big@size=\dimen181
LaTeX Font Info:    Redeclaring font encoding OML on input line 712.
LaTeX Font Info:    Redeclaring font encoding OMS on input line 713.
\macc@depth=\count146
\c@MaxMatrixCols=\count147
\dotsspace@=\muskip11
\c@parentequation=\count148
\dspbrk@lvl=\count149
\tag@help=\toks33
\row@=\count150
\column@=\count151
\maxfields@=\count152
\andhelp@=\toks34
\eqnshift@=\dimen182
\alignsep@=\dimen183
\tagshift@=\dimen184
\tagwidth@=\dimen185
\totwidth@=\dimen186
\lineht@=\dimen187
\@envbody=\toks35
\multlinegap=\skip52
\multlinetaggap=\skip53
\mathdisplay@stack=\toks36
LaTeX Info: Redefining \[ on input line 2817.
LaTeX Info: Redefining \] on input line 2818.
)
("C:\Users\srw245\AppData\Local\Programs\MiKTeX 2.9\tex\latex\amscls\amsthm.sty
"
Package: amsthm 2017/10/31 v2.20.4
\thm@style=\toks37
\thm@bodyfont=\toks38
\thm@headfont=\toks39
\thm@notefont=\toks40
\thm@headpunct=\toks41
\thm@preskip=\skip54
\thm@postskip=\skip55
\thm@headsep=\skip56
\dth@everypar=\toks42
)
\c@theorem=\count153
)
("C:\Users\srw245\AppData\Local\Programs\MiKTeX 2.9\tex\latex\beamer\beamerbase
themes.sty"))
("C:\Users\srw245\AppData\Local\Programs\MiKTeX 2.9\tex\latex\beamer\beamerthem
edefault.sty"
("C:\Users\srw245\AppData\Local\Programs\MiKTeX 2.9\tex\latex\beamer\beamerfont
themedefault.sty")
("C:\Users\srw245\AppData\Local\Programs\MiKTeX 2.9\tex\latex\beamer\beamercolo
rthemedefault.sty")
("C:\Users\srw245\AppData\Local\Programs\MiKTeX 2.9\tex\latex\beamer\beamerinne
rthemedefault.sty"
\beamer@dima=\dimen188
\beamer@dimb=\dimen189
)
("C:\Users\srw245\AppData\Local\Programs\MiKTeX 2.9\tex\latex\beamer\beameroute
rthemedefault.sty")))
("C:\Users\srw245\AppData\Local\Programs\MiKTeX 2.9\tex\latex\beamer\beamerthem
eEastLansing.sty"
("C:\Users\srw245\AppData\Local\Programs\MiKTeX 2.9\tex\latex\beamer\beamerinne
rthemerounded.sty")
("C:\Users\srw245\AppData\Local\Programs\MiKTeX 2.9\tex\latex\beamer\beameroute
rthemeinfolines.sty")
("C:\Users\srw245\AppData\Local\Programs\MiKTeX 2.9\tex\latex\beamer\beamercolo
rthemespruce.sty"))
("C:\Users\srw245\AppData\Local\Programs\MiKTeX 2.9\tex\latex\listings\listings
.sty"
\lst@mode=\count154
\lst@gtempboxa=\box53
\lst@token=\toks43
\lst@length=\count155
\lst@currlwidth=\dimen190
\lst@column=\count156
\lst@pos=\count157
\lst@lostspace=\dimen191
\lst@width=\dimen192
\lst@newlines=\count158
\lst@lineno=\count159
\lst@maxwidth=\dimen193

("C:\Users\srw245\AppData\Local\Programs\MiKTeX 2.9\tex\latex\listings\lstmisc.
sty"
File: lstmisc.sty 2020/03/24 1.8d (Carsten Heinz)
\c@lstnumber=\count160
\lst@skipnumbers=\count161
\lst@framebox=\box54
)
("C:\Users\srw245\AppData\Local\Programs\MiKTeX 2.9\tex\latex\listings\listings
.cfg"
File: listings.cfg 2020/03/24 1.8d listings configuration
))
Package: listings 2020/03/24 1.8d (Carsten Heinz)

("C:\Users\srw245\AppData\Local\Programs\MiKTeX 2.9\tex\latex\psnfss\courier.st
y"
Package: courier 2005/04/12 PSNFSS-v9.2a (WaS) 
)
("C:\Users\srw245\AppData\Local\Programs\MiKTeX 2.9\tex\latex\algorithm2e\algor
ithm2e.sty"
Package: algorithm2e 2017/07/18 v5.2 algorithms environments
\c@AlgoLine=\count162

("C:\Users\srw245\AppData\Local\Programs\MiKTeX 2.9\tex\latex\base\ifthen.sty"
Package: ifthen 2014/09/29 v1.1c Standard LaTeX ifthen package (DPC)
)
\algocf@hangindent=\skip57

("C:\Users\srw245\AppData\Local\Programs\MiKTeX 2.9\tex\latex\ifoddpage\ifoddpa
ge.sty"
Package: ifoddpage 2016/04/23 v1.1 Conditionals for odd/even page detection
\c@checkoddpage=\count163
)
("C:\Users\srw245\AppData\Local\Programs\MiKTeX 2.9\tex\latex\tools\xspace.sty"
Package: xspace 2014/10/28 v1.13 Space after command names (DPC,MH)
)
("C:\Users\srw245\AppData\Local\Programs\MiKTeX 2.9\tex\latex\ltxmisc\relsize.s
ty"
Package: relsize 2003/07/04 ver 3.1
)
\skiptotal=\skip58
\skiplinenumber=\skip59
\skiprule=\skip60
\skiphlne=\skip61
\skiptext=\skip62
\skiplength=\skip63
\algomargin=\skip64
\skipalgocfslide=\skip65
\algowidth=\dimen194
\inoutsize=\dimen195
\inoutindent=\dimen196
\interspacetitleruled=\dimen197
\interspacealgoruled=\dimen198
\interspacetitleboxruled=\dimen199
\algocf@ruledwidth=\skip66
\algocf@inoutbox=\box55
\algocf@inputbox=\box56
\AlCapSkip=\skip67
\AlCapHSkip=\skip68
\algoskipindent=\skip69
\algocf@nlbox=\box57
\algocf@hangingbox=\box58
\algocf@untilbox=\box59
\algocf@skipuntil=\skip70
\algocf@capbox=\box60
\algocf@lcaptionbox=\skip71
\algoheightruledefault=\skip72
\algoheightrule=\skip73
\algotitleheightruledefault=\skip74
\algotitleheightrule=\skip75
\c@algocfline=\count164
\c@algocfproc=\count165
\c@algocf=\count166
\algocf@algoframe=\box61
\algocf@algobox=\box62
)
("C:\Users\srw245\AppData\Local\Programs\MiKTeX 2.9\tex\latex\tools\multicol.st
y"
Package: multicol 2017/04/11 v1.8q multicolumn formatting (FMi)
\c@tracingmulticols=\count167
\mult@box=\box63
\multicol@leftmargin=\dimen256
\c@unbalance=\count168
\c@collectmore=\count169
\doublecol@number=\count170
\multicoltolerance=\count171
\multicolpretolerance=\count172
\full@width=\dimen257
\page@free=\dimen258
\premulticols=\dimen259
\postmulticols=\dimen260
\multicolsep=\skip76
\multicolbaselineskip=\skip77
\partial@page=\box64
\last@line=\box65
\maxbalancingoverflow=\dimen261
\mult@rightbox=\box66
\mult@grightbox=\box67
\mult@gfirstbox=\box68
\mult@firstbox=\box69
\@tempa=\box70
\@tempa=\box71
\@tempa=\box72
\@tempa=\box73
\@tempa=\box74
\@tempa=\box75
\@tempa=\box76
\@tempa=\box77
\@tempa=\box78
\@tempa=\box79
\@tempa=\box80
\@tempa=\box81
\@tempa=\box82
\@tempa=\box83
\@tempa=\box84
\@tempa=\box85
\@tempa=\box86
\c@columnbadness=\count173
\c@finalcolumnbadness=\count174
\last@try=\dimen262
\multicolovershoot=\dimen263
\multicolundershoot=\dimen264
\mult@nat@firstbox=\box87
\colbreak@box=\box88
\mc@col@check@num=\count175
)
("C:\Users\srw245\AppData\Local\Programs\MiKTeX 2.9\tex\latex\psnfss\pifont.sty
"
Package: pifont 2005/04/12 PSNFSS-v9.2a Pi font support (SPQR) 
LaTeX Font Info:    Try loading font information for U+pzd on input line 63.
 ("C:\Users\srw245\AppData\Local\Programs\MiKTeX 2.9\tex\latex\psnfss\upzd.fd"
File: upzd.fd 2001/06/04 font definitions for U/pzd.
)
LaTeX Font Info:    Try loading font information for U+psy on input line 64.
 ("C:\Users\srw245\AppData\Local\Programs\MiKTeX 2.9\tex\latex\psnfss\upsy.fd"
File: upsy.fd 2001/06/04 font definitions for U/psy.
))
("C:\Users\srw245\AppData\Local\Programs\MiKTeX 2.9\tex\latex\beamer\beamerfont
themeserif.sty")
No file LectureMonWk2.aux.
\openout1 = `LectureMonWk2.aux'.

LaTeX Font Info:    Checking defaults for OML/cmm/m/it on input line 81.
LaTeX Font Info:    ... okay on input line 81.
LaTeX Font Info:    Checking defaults for T1/cmr/m/n on input line 81.
LaTeX Font Info:    ... okay on input line 81.
LaTeX Font Info:    Checking defaults for OT1/cmr/m/n on input line 81.
LaTeX Font Info:    ... okay on input line 81.
LaTeX Font Info:    Checking defaults for OMS/cmsy/m/n on input line 81.
LaTeX Font Info:    ... okay on input line 81.
LaTeX Font Info:    Checking defaults for OMX/cmex/m/n on input line 81.
LaTeX Font Info:    ... okay on input line 81.
LaTeX Font Info:    Checking defaults for U/cmr/m/n on input line 81.
LaTeX Font Info:    ... okay on input line 81.
LaTeX Font Info:    Checking defaults for PD1/pdf/m/n on input line 81.
LaTeX Font Info:    ... okay on input line 81.
*geometry* driver: auto-detecting
*geometry* detected driver: pdftex
*geometry* verbose mode - [ preamble ] result:
* driver: pdftex
* paper: custom
* layout: <same size as paper>
* layoutoffset:(h,v)=(0.0pt,0.0pt)
* modes: includehead includefoot 
* h-part:(L,W,R)=(14.09984pt, 335.99568pt, 14.09984pt)
* v-part:(T,H,B)=(0.0pt, 273.14662pt, 0.0pt)
* \paperwidth=364.19536pt
* \paperheight=273.14662pt
* \textwidth=335.99568pt
* \textheight=244.6939pt
* \oddsidemargin=-58.17015pt
* \evensidemargin=-58.17015pt
* \topmargin=-72.26999pt
* \headheight=14.22636pt
* \headsep=0.0pt
* \topskip=14.0pt
* \footskip=14.22636pt
* \marginparwidth=4.0pt
* \marginparsep=10.0pt
* \columnsep=10.0pt
* \skip\footins=12.0pt plus 4.0pt minus 2.0pt
* \hoffset=0.0pt
* \voffset=0.0pt
* \mag=1000
* \@twocolumnfalse
* \@twosidefalse
* \@mparswitchfalse
* \@reversemarginfalse
* (1in=72.27pt=25.4mm, 1cm=28.453pt)


("C:\Users\srw245\AppData\Local\Programs\MiKTeX 2.9\tex\context\base\supp-pdf.m
kii"
[Loading MPS to PDF converter (version 2006.09.02).]
\scratchcounter=\count176
\scratchdimen=\dimen265
\scratchbox=\box89
\nofMPsegments=\count177
\nofMParguments=\count178
\everyMPshowfont=\toks44
\MPscratchCnt=\count179
\MPscratchDim=\dimen266
\MPnumerator=\count180
\makeMPintoPDFobject=\count181
\everyMPtoPDFconversion=\toks45
)
("C:\Users\srw245\AppData\Local\Programs\MiKTeX 2.9\tex\latex\oberdiek\epstopdf
-base.sty"
Package: epstopdf-base 2016/05/15 v2.6 Base part for package epstopdf

("C:\Users\srw245\AppData\Local\Programs\MiKTeX 2.9\tex\latex\oberdiek\grfext.s
ty"
Package: grfext 2016/05/16 v1.2 Manage graphics extensions (HO)
)
Package epstopdf-base Info: Redefining graphics rule for `.eps' on input line 4
38.
Package grfext Info: Graphics extension search list:
(grfext)             [.pdf,.png,.jpg,.mps,.jpeg,.jbig2,.jb2,.PDF,.PNG,.JPG,.JPE
G,.JBIG2,.JB2,.eps]
(grfext)             \AppendGraphicsExtensions on input line 456.
) ABD: EveryShipout initializing macros
\AtBeginShipoutBox=\box90
Package hyperref Info: Link coloring OFF on input line 81.

("C:\Users\srw245\AppData\Local\Programs\MiKTeX 2.9\tex\latex\hyperref\nameref.
sty"
Package: nameref 2016/05/21 v2.44 Cross-referencing by name of section

("C:\Users\srw245\AppData\Local\Programs\MiKTeX 2.9\tex\generic\oberdiek\gettit
lestring.sty"
Package: gettitlestring 2016/05/16 v1.5 Cleanup title references (HO)
)
\c@section@level=\count182
)
LaTeX Info: Redefining \ref on input line 81.
LaTeX Info: Redefining \pageref on input line 81.
LaTeX Info: Redefining \nameref on input line 81.
\@outlinefile=\write5
\openout5 = `LectureMonWk2.out'.


("C:\Users\srw245\AppData\Local\Programs\MiKTeX 2.9\tex\latex\translator\transl
ator-basic-dictionary-English.dict"
Dictionary: translator-basic-dictionary, Language: English 
)
("C:\Users\srw245\AppData\Local\Programs\MiKTeX 2.9\tex\latex\translator\transl
ator-bibliography-dictionary-English.dict"
Dictionary: translator-bibliography-dictionary, Language: English 
)
("C:\Users\srw245\AppData\Local\Programs\MiKTeX 2.9\tex\latex\translator\transl
ator-environment-dictionary-English.dict"
Dictionary: translator-environment-dictionary, Language: English 
)
("C:\Users\srw245\AppData\Local\Programs\MiKTeX 2.9\tex\latex\translator\transl
ator-months-dictionary-English.dict"
Dictionary: translator-months-dictionary, Language: English 
)
("C:\Users\srw245\AppData\Local\Programs\MiKTeX 2.9\tex\latex\translator\transl
ator-numbers-dictionary-English.dict"
Dictionary: translator-numbers-dictionary, Language: English 
)
("C:\Users\srw245\AppData\Local\Programs\MiKTeX 2.9\tex\latex\translator\transl
ator-theorem-dictionary-English.dict"
Dictionary: translator-theorem-dictionary, Language: English 
)
\c@lstlisting=\count183
 (LectureMonWk2.nav) [1

{C:/Users/srw245/AppData/Local/MiKTeX/2.9/pdftex/config/pdftex.map}]
\openout4 = `LectureMonWk2.vrb'.

 (LectureMonWk2.vrb
LaTeX Font Info:    Try loading font information for OMS+cmss on input line 4.
LaTeX Font Info:    No file OMScmss.fd. on input line 4.


LaTeX Font Warning: Font shape `OMS/cmss/m/n' undefined
(Font)              using `OMS/cmsy/m/n' instead
(Font)              for symbol `textsection' on input line 4.

LaTeX Font Info:    Try loading font information for U+msa on input line 6.
("C:\Users\srw245\AppData\Local\Programs\MiKTeX 2.9\tex\latex\amsfonts\umsa.fd"
File: umsa.fd 2013/01/14 v3.01 AMS symbols A
)
LaTeX Font Info:    Try loading font information for U+msb on input line 6.
 ("C:\Users\srw245\AppData\Local\Programs\MiKTeX 2.9\tex\latex\amsfonts\umsb.fd
"
File: umsb.fd 2013/01/14 v3.01 AMS symbols B
)) [2]
\openout4 = `LectureMonWk2.vrb'.

 (LectureMonWk2.vrb
<figures/LLp12ball.jpg, id=34, 526.96875pt x 493.0922pt>
File: figures/LLp12ball.jpg Graphic file (type jpg)
<use figures/LLp12ball.jpg>
Package pdftex.def Info: figures/LLp12ball.jpg  used on input line 7.
(pdftex.def)             Requested size: 134.39621pt x 125.75565pt.
) [3

 <./figures/LLp12ball.jpg>]
\openout4 = `LectureMonWk2.vrb'.

 (LectureMonWk2.vrb
<figures/LLp12.jpg, id=46, 717.43031pt x 257.46187pt>
File: figures/LLp12.jpg Graphic file (type jpg)
<use figures/LLp12.jpg>
Package pdftex.def Info: figures/LLp12.jpg  used on input line 5.
(pdftex.def)             Requested size: 335.99568pt x 120.57887pt.
LaTeX Font Info:    Try loading font information for OT1+pcr on input line 9.

("C:\Users\srw245\AppData\Local\Programs\MiKTeX 2.9\tex\latex\psnfss\ot1pcr.fd"
File: ot1pcr.fd 2001/06/04 font definitions for OT1/pcr.
)) [4

 <./figures/LLp12.jpg>]
\openout4 = `LectureMonWk2.vrb'.

 (LectureMonWk2.vrb
<figures/LLp12a.jpg, id=54, 304.88907pt x 57.96657pt>
File: figures/LLp12a.jpg Graphic file (type jpg)
<use figures/LLp12a.jpg>
Package pdftex.def Info: figures/LLp12a.jpg  used on input line 5.
(pdftex.def)             Requested size: 167.99783pt x 31.94096pt.
) [5

 <./figures/LLp12a.jpg>]
\openout4 = `LectureMonWk2.vrb'.


(LectureMonWk2.vrb
<figures/LLp12b.jpg, id=64, 365.86688pt x 45.92157pt>
File: figures/LLp12b.jpg Graphic file (type jpg)
<use figures/LLp12b.jpg>
Package pdftex.def Info: figures/LLp12b.jpg  used on input line 5.
(pdftex.def)             Requested size: 167.99783pt x 21.08633pt.
) [6

 <./figures/LLp12b.jpg>]
\openout4 = `LectureMonWk2.vrb'.

 (LectureMonWk2.vrb
<figures/LLp12output.jpg, id=71, 784.43062pt x 161.85469pt>
File: figures/LLp12output.jpg Graphic file (type jpg)
<use figures/LLp12output.jpg>
Package pdftex.def Info: figures/LLp12output.jpg  used on input line 6.
(pdftex.def)             Requested size: 335.99568pt x 69.32695pt.
) [7

 <./figures/LLp12output.jpg>]
\openout4 = `LectureMonWk2.vrb'.

 (LectureMonWk2.vrb
<figures/LLp13a.jpg, id=79, 435.12563pt x 48.93282pt>
File: figures/LLp13a.jpg Graphic file (type jpg)
<use figures/LLp13a.jpg>
Package pdftex.def Info: figures/LLp13a.jpg  used on input line 13.
(pdftex.def)             Requested size: 201.59946pt x 22.67137pt.
) [8

 <./figures/LLp13a.jpg>]
\openout4 = `LectureMonWk2.vrb'.


(LectureMonWk2.vrb
<figures/LLp13b.jpg, id=86, 706.89093pt x 316.18124pt>
File: figures/LLp13b.jpg Graphic file (type jpg)
<use figures/LLp13b.jpg>
Package pdftex.def Info: figures/LLp13b.jpg  used on input line 6.
(pdftex.def)             Requested size: 302.39406pt x 135.25572pt.
)
Overfull \vbox (1.88237pt too high) detected at line 261
 []

[9

 <./figures/LLp13b.jpg>]
\openout4 = `LectureMonWk2.vrb'.

 (LectureMonWk2.vrb
<figures/LLp14.jpg, id=93, 697.10437pt x 316.93407pt>
File: figures/LLp14.jpg Graphic file (type jpg)
<use figures/LLp14.jpg>
Package pdftex.def Info: figures/LLp14.jpg  used on input line 9.
(pdftex.def)             Requested size: 235.19594pt x 106.92918pt.
)
Overfull \vbox (2.59018pt too high) detected at line 281
 []

[10

 <./figures/LLp14.jpg>]
\openout4 = `LectureMonWk2.vrb'.

 (LectureMonWk2.vrb) [11

]
\openout4 = `LectureMonWk2.vrb'.

 (LectureMonWk2.vrb

LaTeX Font Warning: Font shape `OT1/cmss/bx/it' undefined
(Font)              using `OT1/cmss/bx/n' instead on input line 10.

) [12

]
\openout4 = `LectureMonWk2.vrb'.

 (LectureMonWk2.vrb
File: figures/LLp13b.jpg Graphic file (type jpg)
<use figures/LLp13b.jpg>
Package pdftex.def Info: figures/LLp13b.jpg  used on input line 5.
(pdftex.def)             Requested size: 268.79756pt x 120.22731pt.
) [13

]
\openout4 = `LectureMonWk2.vrb'.

 (LectureMonWk2.vrb
<figures/LLp16.jpg, id=121, 585.68813pt x 196.48407pt>
File: figures/LLp16.jpg Graphic file (type jpg)
<use figures/LLp16.jpg>
Package pdftex.def Info: figures/LLp16.jpg  used on input line 10.
(pdftex.def)             Requested size: 302.39406pt x 101.44975pt.
) [14

 <./figures/LLp16.jpg>]
\openout4 = `LectureMonWk2.vrb'.


(LectureMonWk2.vrb
File: figures/LLp14.jpg Graphic file (type jpg)
<use figures/LLp14.jpg>
Package pdftex.def Info: figures/LLp14.jpg  used on input line 6.
(pdftex.def)             Requested size: 268.79756pt x 122.20618pt.
) [15

]
\openout4 = `LectureMonWk2.vrb'.

 (LectureMonWk2.vrb
<figures/LLp17.jpg, id=134, 986.18437pt x 290.58563pt>
File: figures/LLp17.jpg Graphic file (type jpg)
<use figures/LLp17.jpg>
Package pdftex.def Info: figures/LLp17.jpg  used on input line 6.
(pdftex.def)             Requested size: 268.79756pt x 79.20407pt.
LaTeX Font Info:    Font shape `OT1/pcr/bx/n' in size <14.4> not available
(Font)              Font shape `OT1/pcr/b/n' tried instead on input line 14.
) [16

 <./figures/LLp17.jpg>]
\openout4 = `LectureMonWk2.vrb'.


(LectureMonWk2.vrb
<figures/LLp18.jpg, id=143, 950.80219pt x 321.45094pt>
File: figures/LLp18.jpg Graphic file (type jpg)
<use figures/LLp18.jpg>
Package pdftex.def Info: figures/LLp18.jpg  used on input line 6.
(pdftex.def)             Requested size: 302.39406pt x 102.23366pt.
) [17

 <./figures/LLp18.jpg>]
\openout4 = `LectureMonWk2.vrb'.

 (LectureMonWk2.vrb) [18

]
\openout4 = `LectureMonWk2.vrb'.


(LectureMonWk2.vrb) [19

]
\openout4 = `LectureMonWk2.vrb'.

 (LectureMonWk2.vrb) [20

]
\openout4 = `LectureMonWk2.vrb'.

 (LectureMonWk2.vrb
<figures/LLp19.jpg, id=169, 1153.30875pt x 191.9672pt>
File: figures/LLp19.jpg Graphic file (type jpg)
<use figures/LLp19.jpg>
Package pdftex.def Info: figures/LLp19.jpg  used on input line 13.
(pdftex.def)             Requested size: 302.39406pt x 50.33209pt.
<figures/LLp20a.jpg, id=170, 1152.55594pt x 295.1025pt>
File: figures/LLp20a.jpg Graphic file (type jpg)
<use figures/LLp20a.jpg>
Package pdftex.def Info: figures/LLp20a.jpg  used on input line 14.
(pdftex.def)             Requested size: 302.39406pt x 77.42278pt.
) [21

 <./figures/LLp19.jpg> <./figures/LLp20a.jpg>]
\openout4 = `LectureMonWk2.vrb'.

 (LectureMonWk2.vrb
<figures/LLp20output.jpg, id=177, 481.04718pt x 412.54124pt>
File: figures/LLp20output.jpg Graphic file (type jpg)
<use figures/LLp20output.jpg>
Package pdftex.def Info: figures/LLp20output.jpg  used on input line 7.
(pdftex.def)             Requested size: 201.59946pt x 172.89474pt.
) [22

 <./figures/LLp20output.jpg>]
\openout4 = `LectureMonWk2.vrb'.

 (LectureMonWk2.vrb
<figures/LLp20b.jpg, id=184, 451.6875pt x 48.18pt>
File: figures/LLp20b.jpg Graphic file (type jpg)
<use figures/LLp20b.jpg>
Package pdftex.def Info: figures/LLp20b.jpg  used on input line 6.
(pdftex.def)             Requested size: 235.19594pt x 25.08827pt.
) [23

 <./figures/LLp20b.jpg>]
\openout4 = `LectureMonWk2.vrb'.


(LectureMonWk2.vrb
<figures/LLp21a.jpg, id=191, 362.10281pt x 40.65187pt>
File: figures/LLp21a.jpg Graphic file (type jpg)
<use figures/LLp21a.jpg>
Package pdftex.def Info: figures/LLp21a.jpg  used on input line 6.
(pdftex.def)             Requested size: 201.59946pt x 22.63275pt.
) [24

 <./figures/LLp21a.jpg>]
\openout4 = `LectureMonWk2.vrb'.

 (LectureMonWk2.vrb
<figures/LLp21b.jpg, id=198, 1153.30875pt x 148.30406pt>
File: figures/LLp21b.jpg Graphic file (type jpg)
<use figures/LLp21b.jpg>
Package pdftex.def Info: figures/LLp21b.jpg  used on input line 8.
(pdftex.def)             Requested size: 335.99568pt x 43.2062pt.
) [25

 <./figures/LLp21b.jpg>]
\openout4 = `LectureMonWk2.vrb'.

 (LectureMonWk2.vrb) [26

]
\openout4 = `LectureMonWk2.vrb'.

 (LectureMonWk2.vrb
LaTeX Font Info:    Font shape `OT1/pcr/bx/n' in size <12> not available
(Font)              Font shape `OT1/pcr/b/n' tried instead on input line 11.
<figures/LLp22a.jpg, id=212, 424.58624pt x 326.72063pt>
File: figures/LLp22a.jpg Graphic file (type jpg)
<use figures/LLp22a.jpg>
Package pdftex.def Info: figures/LLp22a.jpg  used on input line 17.
(pdftex.def)             Requested size: 134.39621pt x 103.41606pt.
) [27

 <./figures/LLp22a.jpg>]
\openout4 = `LectureMonWk2.vrb'.

 (LectureMonWk2.vrb
<figures/LLp23aoutput.jpg, id=219, 425.33907pt x 324.46219pt>
File: figures/LLp23aoutput.jpg Graphic file (type jpg)
<use figures/LLp23aoutput.jpg>
Package pdftex.def Info: figures/LLp23aoutput.jpg  used on input line 6.
(pdftex.def)             Requested size: 167.99783pt x 128.15372pt.
<figures/LLp23boutput.jpg, id=220, 432.86719pt x 319.1925pt>
File: figures/LLp23boutput.jpg Graphic file (type jpg)
<use figures/LLp23boutput.jpg>
Package pdftex.def Info: figures/LLp23boutput.jpg  used on input line 6.
(pdftex.def)             Requested size: 167.99783pt x 123.88063pt.
) [28

 <./figures/LLp23aoutput.jpg> <./figures/LLp23boutput.jpg>]
\openout4 = `LectureMonWk2.vrb'.

 (LectureMonWk2.vrb
<figures/LLp23coutput.jpg, id=227, 426.09187pt x 333.49594pt>
File: figures/LLp23coutput.jpg Graphic file (type jpg)
<use figures/LLp23coutput.jpg>
Package pdftex.def Info: figures/LLp23coutput.jpg  used on input line 6.
(pdftex.def)             Requested size: 167.99783pt x 131.49281pt.
<figures/LLp23doutput.jpg, id=228, 429.85594pt x 329.73187pt>
File: figures/LLp23doutput.jpg Graphic file (type jpg)
<use figures/LLp23doutput.jpg>
Package pdftex.def Info: figures/LLp23doutput.jpg  used on input line 6.
(pdftex.def)             Requested size: 167.99783pt x 128.8666pt.
) [29

 <./figures/LLp23coutput.jpg> <./figures/LLp23doutput.jpg>]
\openout4 = `LectureMonWk2.vrb'.

 (LectureMonWk2.vrb
<figures/LLp24a.jpg, id=235, 741.52031pt x 493.0922pt>
File: figures/LLp24a.jpg Graphic file (type jpg)
<use figures/LLp24a.jpg>
Package pdftex.def Info: figures/LLp24a.jpg  used on input line 5.
(pdftex.def)             Requested size: 235.19594pt x 156.39326pt.
<figures/LLp23a.jpg, id=236, 877.02657pt x 29.35968pt>
File: figures/LLp23a.jpg Graphic file (type jpg)
<use figures/LLp23a.jpg>
Package pdftex.def Info: figures/LLp23a.jpg  used on input line 6.
(pdftex.def)             Requested size: 335.99568pt x 11.24817pt.
<figures/LLp23b.jpg, id=237, 876.27374pt x 29.35968pt>
File: figures/LLp23b.jpg Graphic file (type jpg)
<use figures/LLp23b.jpg>
Package pdftex.def Info: figures/LLp23b.jpg  used on input line 7.
(pdftex.def)             Requested size: 335.99568pt x 11.25758pt.
) [30

 <./figures/LLp24a.jpg> <./figures/LLp23a.jpg> <./figures/LLp23b.jpg>]
\openout4 = `LectureMonWk2.vrb'.

 (LectureMonWk2.vrb
<figures/LLp24output.jpg, id=244, 443.40656pt x 347.79938pt>
File: figures/LLp24output.jpg Graphic file (type jpg)
<use figures/LLp24output.jpg>
Package pdftex.def Info: figures/LLp24output.jpg  used on input line 6.
(pdftex.def)             Requested size: 268.79756pt x 210.85179pt.
)
Overfull \vbox (3.14264pt too high) detected at line 667
 []

[31

 <./figures/LLp24output.jpg>]
\openout4 = `LectureMonWk2.vrb'.

 (LectureMonWk2.vrb
<figures/LLp24c.jpg, id=252, 1147.28625pt x 37.64063pt>
File: figures/LLp24c.jpg Graphic file (type jpg)
<use figures/LLp24c.jpg>
Package pdftex.def Info: figures/LLp24c.jpg  used on input line 8.
(pdftex.def)             Requested size: 335.99568pt x 11.02347pt.

Overfull \hbox (28.19968pt too wide) in paragraph at lines 8--9
 [] 
 []

<figures/LLp24d.jpg, id=253, 1147.28625pt x 36.88782pt>
File: figures/LLp24d.jpg Graphic file (type jpg)
<use figures/LLp24d.jpg>
Package pdftex.def Info: figures/LLp24d.jpg  used on input line 15.
(pdftex.def)             Requested size: 335.99568pt x 10.803pt.

Overfull \hbox (28.19968pt too wide) in paragraph at lines 15--16
 [] 
 []

<figures/LLp24e.jpg, id=254, 1142.01656pt x 36.88782pt>
File: figures/LLp24e.jpg Graphic file (type jpg)
<use figures/LLp24e.jpg>
Package pdftex.def Info: figures/LLp24e.jpg  used on input line 21.
(pdftex.def)             Requested size: 335.99568pt x 10.85252pt.

Overfull \hbox (28.19968pt too wide) in paragraph at lines 21--22
 [] 
 []

<figures/LLp24f.jpg, id=255, 1145.02782pt x 36.88782pt>
File: figures/LLp24f.jpg Graphic file (type jpg)
<use figures/LLp24f.jpg>
Package pdftex.def Info: figures/LLp24f.jpg  used on input line 27.
(pdftex.def)             Requested size: 335.99568pt x 10.82439pt.

Overfull \hbox (28.19968pt too wide) in paragraph at lines 27--28
 [] 
 []

) [32

 <./figures/LLp24c.jpg> <./figures/LLp24d.jpg> <./figures/LLp24e.jpg> <./figure
s/LLp24f.jpg>]
\openout4 = `LectureMonWk2.vrb'.

 (LectureMonWk2.vrb
<figures/LLp25b.jpg, id=262, 778.40813pt x 527.72156pt>
File: figures/LLp25b.jpg Graphic file (type jpg)
<use figures/LLp25b.jpg>
Package pdftex.def Info: figures/LLp25b.jpg  used on input line 5.
(pdftex.def)             Requested size: 302.39406pt x 205.0134pt.
)
Overfull \vbox (5.84006pt too high) detected at line 714
 []

[33

 <./figures/LLp25b.jpg>]
\openout4 = `LectureMonWk2.vrb'.

 (LectureMonWk2.vrb
<figures/LLp24b.jpg, id=269, 765.6103pt x 57.96657pt>
File: figures/LLp24b.jpg Graphic file (type jpg)
<use figures/LLp24b.jpg>
Package pdftex.def Info: figures/LLp24b.jpg  used on input line 6.
(pdftex.def)             Requested size: 302.39406pt x 22.8952pt.
<figures/LLp25a.jpg, id=270, 763.35187pt x 331.99031pt>
File: figures/LLp25a.jpg Graphic file (type jpg)
<use figures/LLp25a.jpg>
Package pdftex.def Info: figures/LLp25a.jpg  used on input line 7.
(pdftex.def)             Requested size: 302.39406pt x 131.51213pt.
<figures/LLp25c.jpg, id=271, 743.77875pt x 49.68562pt>
File: figures/LLp25c.jpg Graphic file (type jpg)
<use figures/LLp25c.jpg>
Package pdftex.def Info: figures/LLp25c.jpg  used on input line 13.
(pdftex.def)             Requested size: 235.19594pt x 15.7117pt.
) [34

 <./figures/LLp24b.jpg> <./figures/LLp25a.jpg> <./figures/LLp25c.jpg>]
\openout4 = `LectureMonWk2.vrb'.

 (LectureMonWk2.vrb
<figures/LLp27a.jpg, id=278, 512.66531pt x 36.135pt>
File: figures/LLp27a.jpg Graphic file (type jpg)
<use figures/LLp27a.jpg>
Package pdftex.def Info: figures/LLp27a.jpg  used on input line 8.
(pdftex.def)             Requested size: 268.79756pt x 18.94633pt.
<figures/LLp27b.jpg, id=279, 511.9125pt x 36.135pt>
File: figures/LLp27b.jpg Graphic file (type jpg)
<use figures/LLp27b.jpg>
Package pdftex.def Info: figures/LLp27b.jpg  used on input line 15.
(pdftex.def)             Requested size: 268.79756pt x 18.97389pt.
) [35

 <./figures/LLp27a.jpg> <./figures/LLp27b.jpg>]
\openout4 = `LectureMonWk2.vrb'.

 (LectureMonWk2.vrb
<figures/LLp28a.jpg, id=286, 502.12593pt x 39.89906pt>
File: figures/LLp28a.jpg Graphic file (type jpg)
<use figures/LLp28a.jpg>
Package pdftex.def Info: figures/LLp28a.jpg  used on input line 9.
(pdftex.def)             Requested size: 268.79756pt x 21.35947pt.
<figures/LLp28b.jpg, id=287, 504.38437pt x 41.4047pt>
File: figures/LLp28b.jpg Graphic file (type jpg)
<use figures/LLp28b.jpg>
Package pdftex.def Info: figures/LLp28b.jpg  used on input line 15.
(pdftex.def)             Requested size: 268.79756pt x 22.06567pt.
) [36

 <./figures/LLp28a.jpg> <./figures/LLp28b.jpg>]
\openout4 = `LectureMonWk2.vrb'.

 (LectureMonWk2.vrb
<figures/LLp28d.jpg, id=294, 670.75594pt x 35.38219pt>
File: figures/LLp28d.jpg Graphic file (type jpg)
<use figures/LLp28d.jpg>
Package pdftex.def Info: figures/LLp28d.jpg  used on input line 8.
(pdftex.def)             Requested size: 268.79756pt x 14.17906pt.
<figures/LLp28c.jpg, id=295, 675.27281pt x 33.12375pt>
File: figures/LLp28c.jpg Graphic file (type jpg)
<use figures/LLp28c.jpg>
Package pdftex.def Info: figures/LLp28c.jpg  used on input line 14.
(pdftex.def)             Requested size: 268.79756pt x 13.18506pt.
) [37

 <./figures/LLp28d.jpg> <./figures/LLp28c.jpg>]
\openout4 = `LectureMonWk2.vrb'.

 (LectureMonWk2.vrb
<figures/LLp29a.jpg, id=303, 875.52094pt x 55.70813pt>
File: figures/LLp29a.jpg Graphic file (type jpg)
<use figures/LLp29a.jpg>
Package pdftex.def Info: figures/LLp29a.jpg  used on input line 14.
(pdftex.def)             Requested size: 268.79756pt x 17.10272pt.
<figures/LLp29b.jpg, id=304, 877.02657pt x 186.6975pt>
File: figures/LLp29b.jpg Graphic file (type jpg)
<use figures/LLp29b.jpg>
Package pdftex.def Info: figures/LLp29b.jpg  used on input line 20.
(pdftex.def)             Requested size: 268.79756pt x 57.2204pt.
) [38

 <./figures/LLp29a.jpg> <./figures/LLp29b.jpg>]
\openout4 = `LectureMonWk2.vrb'.

 (LectureMonWk2.vrb
<figures/LLp30a.jpg, id=311, 1031.35312pt x 36.135pt>
File: figures/LLp30a.jpg Graphic file (type jpg)
<use figures/LLp30a.jpg>
Package pdftex.def Info: figures/LLp30a.jpg  used on input line 9.
(pdftex.def)             Requested size: 302.39406pt x 10.59465pt.
<figures/LLp30b.jpg, id=312, 1030.60031pt x 36.135pt>
File: figures/LLp30b.jpg Graphic file (type jpg)
<use figures/LLp30b.jpg>
Package pdftex.def Info: figures/LLp30b.jpg  used on input line 21.
(pdftex.def)             Requested size: 302.39406pt x 10.60237pt.
) [39

 <./figures/LLp30a.jpg> <./figures/LLp30b.jpg>]
\openout4 = `LectureMonWk2.vrb'.

 (LectureMonWk2.vrb) [40

]
\tf@nav=\write6
\openout6 = `LectureMonWk2.nav'.

\tf@toc=\write7
\openout7 = `LectureMonWk2.toc'.

\tf@snm=\write8
\openout8 = `LectureMonWk2.snm'.

Package atveryend Info: Empty hook `BeforeClearDocument' on input line 889.
Package atveryend Info: Empty hook `AfterLastShipout' on input line 889.
 (LectureMonWk2.aux)
Package atveryend Info: Executing hook `AtVeryEndDocument' on input line 889.
Package atveryend Info: Executing hook `AtEndAfterFileList' on input line 889.


Package rerunfilecheck Warning: File `LectureMonWk2.out' has changed.
(rerunfilecheck)                Rerun to get outlines right
(rerunfilecheck)                or use package `bookmark'.

Package rerunfilecheck Info: Checksums for `LectureMonWk2.out':
(rerunfilecheck)             Before: <no file>
(rerunfilecheck)             After:  D41D8CD98F00B204E9800998ECF8427E;0.

LaTeX Font Warning: Some font shapes were not available, defaults substituted.

 ) 
Here is how much of TeX's memory you used:
 19851 strings out of 493305
 378690 string characters out of 3129367
 449324 words of memory out of 3000000
 22756 multiletter control sequences out of 15000+200000
 19024 words of font info for 71 fonts, out of 3000000 for 9000
 1141 hyphenation exceptions out of 8191
 56i,15n,61p,804b,618s stack positions out of 5000i,500n,10000p,200000b,50000s
{C:/Users/srw245/AppData/Local/Programs/MiKTeX 2.9/fonts/enc/dvips/base/8r.en
c}<C:/Users/srw245/AppData/Local/Programs/MiKTeX 2.9/fonts/type1/public/amsfont
s/cm/cmmi12.pfb><C:/Users/srw245/AppData/Local/Programs/MiKTeX 2.9/fonts/type1/
public/amsfonts/cm/cmmi8.pfb><C:/Users/srw245/AppData/Local/Programs/MiKTeX 2.9
/fonts/type1/public/amsfonts/cm/cmr10.pfb><C:/Users/srw245/AppData/Local/Progra
ms/MiKTeX 2.9/fonts/type1/public/amsfonts/cm/cmr12.pfb><C:/Users/srw245/AppData
/Local/Programs/MiKTeX 2.9/fonts/type1/public/amsfonts/cm/cmr17.pfb><C:/Users/s
rw245/AppData/Local/Programs/MiKTeX 2.9/fonts/type1/public/amsfonts/cm/cmr8.pfb
><C:/Users/srw245/AppData/Local/Programs/MiKTeX 2.9/fonts/type1/public/amsfonts
/cm/cmss12.pfb><C:/Users/srw245/AppData/Local/Programs/MiKTeX 2.9/fonts/type1/p
ublic/amsfonts/cm/cmss17.pfb><C:/Users/srw245/AppData/Local/Programs/MiKTeX 2.9
/fonts/type1/public/amsfonts/cm/cmss8.pfb><C:/Users/srw245/AppData/Local/Progra
ms/MiKTeX 2.9/fonts/type1/public/amsfonts/cm/cmssbx10.pfb><C:/Users/srw245/AppD
ata/Local/Programs/MiKTeX 2.9/fonts/type1/public/amsfonts/cm/cmssi12.pfb><C:/Us
ers/srw245/AppData/Local/Programs/MiKTeX 2.9/fonts/type1/public/amsfonts/cm/cms
si17.pfb><C:/Users/srw245/AppData/Local/Programs/MiKTeX 2.9/fonts/type1/public/
amsfonts/cm/cmsy10.pfb><C:/Users/srw245/AppData/Local/Programs/MiKTeX 2.9/fonts
/type1/public/amsfonts/cm/cmsy8.pfb><C:/Users/srw245/AppData/Local/Programs/MiK
TeX 2.9/fonts/type1/public/amsfonts/symbols/msam10.pfb><C:/Users/srw245/AppData
/Local/Programs/MiKTeX 2.9/fonts/type1/urw/courier/ucrb8a.pfb><C:/Users/srw245/
AppData/Local/Programs/MiKTeX 2.9/fonts/type1/urw/courier/ucrr8a.pfb><C:/Users/
srw245/AppData/Local/Programs/MiKTeX 2.9/fonts/type1/urw/zapfding/uzdr.pfb>
Output written on LectureMonWk2.pdf (40 pages, 1478868 bytes).
PDF statistics:
 402 PDF objects out of 1000 (max. 8388607)
 81 named destinations out of 1000 (max. 500000)
 269 words of extra memory for PDF output out of 10000 (max. 10000000)

